{
  "/home/christopher/IdeaProjects/react-discovery/packages/react-discovery-app/src/index.tsx": {
    "path": "/home/christopher/IdeaProjects/react-discovery/packages/react-discovery-app/src/index.tsx",
    "statementMap": {
      "0": {
        "start": {
          "line": 1,
          "column": 22
        },
        "end": {
          "line": 3,
          "column": 1
        }
      },
      "1": {
        "start": {
          "line": 2,
          "column": 4
        },
        "end": {
          "line": 2,
          "column": 62
        }
      },
      "2": {
        "start": {
          "line": 4,
          "column": 0
        },
        "end": {
          "line": 4,
          "column": 62
        }
      },
      "3": {
        "start": {
          "line": 5,
          "column": 0
        },
        "end": {
          "line": 5,
          "column": 33
        }
      },
      "4": {
        "start": {
          "line": 6,
          "column": 14
        },
        "end": {
          "line": 6,
          "column": 30
        }
      },
      "5": {
        "start": {
          "line": 7,
          "column": 15
        },
        "end": {
          "line": 7,
          "column": 34
        }
      },
      "6": {
        "start": {
          "line": 8,
          "column": 13
        },
        "end": {
          "line": 8,
          "column": 45
        }
      },
      "7": {
        "start": {
          "line": 9,
          "column": 20
        },
        "end": {
          "line": 9,
          "column": 59
        }
      },
      "8": {
        "start": {
          "line": 10,
          "column": 19
        },
        "end": {
          "line": 10,
          "column": 42
        }
      },
      "9": {
        "start": {
          "line": 11,
          "column": 20
        },
        "end": {
          "line": 11,
          "column": 42
        }
      },
      "10": {
        "start": {
          "line": 12,
          "column": 14
        },
        "end": {
          "line": 12,
          "column": 47
        }
      },
      "11": {
        "start": {
          "line": 13,
          "column": 18
        },
        "end": {
          "line": 13,
          "column": 55
        }
      },
      "12": {
        "start": {
          "line": 14,
          "column": 33
        },
        "end": {
          "line": 14,
          "column": 68
        }
      },
      "13": {
        "start": {
          "line": 15,
          "column": 12
        },
        "end": {
          "line": 15,
          "column": 33
        }
      },
      "14": {
        "start": {
          "line": 16,
          "column": 18
        },
        "end": {
          "line": 16,
          "column": 50
        }
      },
      "15": {
        "start": {
          "line": 16,
          "column": 72
        },
        "end": {
          "line": 16,
          "column": 110
        }
      },
      "16": {
        "start": {
          "line": 17,
          "column": 9
        },
        "end": {
          "line": 17,
          "column": 39
        }
      },
      "17": {
        "start": {
          "line": 17,
          "column": 57
        },
        "end": {
          "line": 17,
          "column": 73
        }
      },
      "18": {
        "start": {
          "line": 17,
          "column": 90
        },
        "end": {
          "line": 17,
          "column": 105
        }
      },
      "19": {
        "start": {
          "line": 17,
          "column": 120
        },
        "end": {
          "line": 17,
          "column": 133
        }
      },
      "20": {
        "start": {
          "line": 17,
          "column": 141
        },
        "end": {
          "line": 17,
          "column": 147
        }
      },
      "21": {
        "start": {
          "line": 18,
          "column": 25
        },
        "end": {
          "line": 18,
          "column": 45
        }
      },
      "22": {
        "start": {
          "line": 19,
          "column": 20
        },
        "end": {
          "line": 19,
          "column": 53
        }
      },
      "23": {
        "start": {
          "line": 20,
          "column": 24
        },
        "end": {
          "line": 33,
          "column": 1
        }
      },
      "24": {
        "start": {
          "line": 34,
          "column": 19
        },
        "end": {
          "line": 34,
          "column": 50
        }
      },
      "25": {
        "start": {
          "line": 35,
          "column": 0
        },
        "end": {
          "line": 40,
          "column": 6
        }
      },
      "26": {
        "start": {
          "line": 35,
          "column": 36
        },
        "end": {
          "line": 40,
          "column": 3
        }
      },
      "27": {
        "start": {
          "line": 41,
          "column": 12
        },
        "end": {
          "line": 41,
          "column": 175
        }
      },
      "28": {
        "start": {
          "line": 42,
          "column": 0
        },
        "end": {
          "line": 43,
          "column": 109
        }
      },
      "29": {
        "start": {
          "line": 44,
          "column": 0
        },
        "end": {
          "line": 46,
          "column": 1
        }
      },
      "30": {
        "start": {
          "line": 45,
          "column": 4
        },
        "end": {
          "line": 45,
          "column": 25
        }
      }
    },
    "fnMap": {
      "0": {
        "name": "(anonymous_0)",
        "decl": {
          "start": {
            "line": 1,
            "column": 56
          },
          "end": {
            "line": 1,
            "column": 57
          }
        },
        "loc": {
          "start": {
            "line": 1,
            "column": 71
          },
          "end": {
            "line": 3,
            "column": 1
          }
        },
        "line": 1
      },
      "1": {
        "name": "(anonymous_1)",
        "decl": {
          "start": {
            "line": 35,
            "column": 22
          },
          "end": {
            "line": 35,
            "column": 23
          }
        },
        "loc": {
          "start": {
            "line": 35,
            "column": 34
          },
          "end": {
            "line": 40,
            "column": 5
          }
        },
        "line": 35
      }
    },
    "branchMap": {
      "0": {
        "loc": {
          "start": {
            "line": 1,
            "column": 22
          },
          "end": {
            "line": 3,
            "column": 1
          }
        },
        "type": "binary-expr",
        "locations": [
          {
            "start": {
              "line": 1,
              "column": 23
            },
            "end": {
              "line": 1,
              "column": 27
            }
          },
          {
            "start": {
              "line": 1,
              "column": 31
            },
            "end": {
              "line": 1,
              "column": 51
            }
          },
          {
            "start": {
              "line": 1,
              "column": 56
            },
            "end": {
              "line": 3,
              "column": 1
            }
          }
        ],
        "line": 1
      },
      "1": {
        "loc": {
          "start": {
            "line": 2,
            "column": 11
          },
          "end": {
            "line": 2,
            "column": 61
          }
        },
        "type": "cond-expr",
        "locations": [
          {
            "start": {
              "line": 2,
              "column": 37
            },
            "end": {
              "line": 2,
              "column": 40
            }
          },
          {
            "start": {
              "line": 2,
              "column": 43
            },
            "end": {
              "line": 2,
              "column": 61
            }
          }
        ],
        "line": 2
      },
      "2": {
        "loc": {
          "start": {
            "line": 2,
            "column": 12
          },
          "end": {
            "line": 2,
            "column": 33
          }
        },
        "type": "binary-expr",
        "locations": [
          {
            "start": {
              "line": 2,
              "column": 12
            },
            "end": {
              "line": 2,
              "column": 15
            }
          },
          {
            "start": {
              "line": 2,
              "column": 19
            },
            "end": {
              "line": 2,
              "column": 33
            }
          }
        ],
        "line": 2
      },
      "3": {
        "loc": {
          "start": {
            "line": 22,
            "column": 13
          },
          "end": {
            "line": 22,
            "column": 32
          }
        },
        "type": "binary-expr",
        "locations": [
          {
            "start": {
              "line": 22,
              "column": 13
            },
            "end": {
              "line": 22,
              "column": 26
            }
          },
          {
            "start": {
              "line": 22,
              "column": 30
            },
            "end": {
              "line": 22,
              "column": 32
            }
          }
        ],
        "line": 22
      },
      "4": {
        "loc": {
          "start": {
            "line": 41,
            "column": 56
          },
          "end": {
            "line": 41,
            "column": 93
          }
        },
        "type": "binary-expr",
        "locations": [
          {
            "start": {
              "line": 41,
              "column": 56
            },
            "end": {
              "line": 41,
              "column": 70
            }
          },
          {
            "start": {
              "line": 41,
              "column": 74
            },
            "end": {
              "line": 41,
              "column": 93
            }
          }
        ],
        "line": 41
      },
      "5": {
        "loc": {
          "start": {
            "line": 44,
            "column": 0
          },
          "end": {
            "line": 46,
            "column": 1
          }
        },
        "type": "if",
        "locations": [
          {
            "start": {
              "line": 44,
              "column": 0
            },
            "end": {
              "line": 46,
              "column": 1
            }
          },
          {
            "start": {
              "line": 44,
              "column": 0
            },
            "end": {
              "line": 46,
              "column": 1
            }
          }
        ],
        "line": 44
      }
    },
    "s": {
      "0": 80,
      "1": 240,
      "2": 80,
      "3": 80,
      "4": 80,
      "5": 80,
      "6": 80,
      "7": 80,
      "8": 80,
      "9": 80,
      "10": 80,
      "11": 80,
      "12": 80,
      "13": 80,
      "14": 80,
      "15": 80,
      "16": 80,
      "17": 80,
      "18": 80,
      "19": 80,
      "20": 80,
      "21": 80,
      "22": 80,
      "23": 80,
      "24": 80,
      "25": 80,
      "26": 80,
      "27": 80,
      "28": 80,
      "29": 80,
      "30": 80
    },
    "f": {
      "0": 240,
      "1": 80
    },
    "b": {
      "0": [
        80,
        80,
        80
      ],
      "1": [
        80,
        160
      ],
      "2": [
        240,
        240
      ],
      "3": [
        80,
        0
      ],
      "4": [
        80,
        80
      ],
      "5": [
        80,
        0
      ]
    },
    "inputSourceMap": {
      "version": 3,
      "file": "/home/christopher/IdeaProjects/react-discovery/packages/react-discovery-app/src/index.tsx",
      "sourceRoot": "/home/christopher/IdeaProjects/react-discovery/packages/react-discovery-app/",
      "sources": [
        "src/index.tsx"
      ],
      "names": [],
      "mappings": ";;;;AAAA,iCAA8B;AAC9B,+BAA8F;AAC9F,mCAA6C;AAC7C,8CAM8B;AAC9B,4DAA8D;AAC9D,2CAAiD;AACjD,2CAAoC;AACpC,gDAAyB;AACzB,wDAAgC;AAChC,qEAA4D;AAE5D,IAAM,KAAK,GAAmC,qBAAe,CAAA;AAEtD,IAAA,8CAAW,EAAE,0DAAiB,CAAe;AAC9C,IAAA,mCAA+E,EAA9E,gCAAa,EAAE,8BAAY,EAAE,0BAAU,EAAE,YAAqC,CAAA;AAErF,IAAM,kBAAkB,GAAY,oBAAW,CAAA;AAC/C,IAAM,aAAa,GAAY,aAAM,CAAC,kBAAkB,CAAC,CAAA;AAEzD,IAAM,iBAAiB,GAAW;IAChC,SAAS,EAAE,IAAI;IACf,OAAO,EAAE,aAAa,IAAI,EAAE;IAC5B,YAAY,EAAE,IAAI;IAClB,YAAY,cAAA;IACZ,IAAI,EAAE,EAAE;IACR,UAAU,YAAA;IACV,KAAK,EAAE,CAAC;IACR,WAAW,EAAE,IAAI;IACjB,OAAO,EAAE,KAAK;IACd,iBAAiB,EAAE,WAAW;IAC9B,OAAO,EAAE,SAAS;IAClB,GAAG,KAAA;CACJ,CAAA;AACD,IAAM,YAAY,GAAY,YAAK,CAAC,iBAAiB,CAAC,CAAA;AAEzC,QAAA,WAAW,GAAG,cAAe,OAAA,uBAAe,CAAC;IACxD,MAAM,EAAE,aAAa;IACrB,KAAK,EAAE,YAAY;IACnB,QAAQ,iBAAA;IACR,WAAW,oBAAA;CACZ,CAAC,EALwC,CAKxC,CAAA;AAEF,IAAM,KAAK,GAAU,mBAAW,CAC9B,mBAAW,EAAE,EACb,CAAE,MAAc,CAAC,OAAO,IAAK,MAAc,CAAC,YAAY,CAAC,EACzD,8CAAmB,CACjB,uBAAe,CACb,KAAK,CACN,CACF,CACF,CAAA;AAED,mBAAQ,CAAC,MAAM,CACb,8BAAC,sBAAQ,IAAC,KAAK,EAAE,KAAK;IACpB,8BAAC,iCAAoB,OAAE,CACd,EACX,QAAQ,CAAC,cAAc,CAAC,KAAK,CAAC,CAC/B,CAAA;AAED,IAAK,MAAc,CAAC,OAAO,EAAE;IAC1B,MAAc,CAAC,KAAK,GAAG,KAAK,CAAA;CAC9B",
      "sourcesContent": [
        "import '@react-discovery/i18n'\nimport {AnyAction, Reducer, Store, applyMiddleware, combineReducers, createStore} from \"redux\"\nimport {IConfig, localConfig} from \"./config\"\nimport {\n  IQuery,\n  config,\n  query,\n  response,\n  suggestions\n} from \"@react-discovery/solr\"\nimport thunkMiddleware, { ThunkMiddleware } from 'redux-thunk'\nimport {MinimalResultsViewer} from './components'\nimport {Provider} from 'react-redux'\nimport React from \"react\"\nimport ReactDOM from \"react-dom\"\nimport {composeWithDevTools} from 'redux-devtools-extension'\n\nconst thunk: ThunkMiddleware<{}, AnyAction> = thunkMiddleware\n\nconst {collections, currentCollection} = localConfig\nconst {initialFilter, searchFields, sortFields, url} = collections[currentCollection]\n\nconst initialConfigState: IConfig = localConfig\nconst configReducer: Reducer = config(initialConfigState)\n\nconst initialQueryState: IQuery = {\n  fieldList: null,\n  filters: initialFilter || {},\n  highlighting: true,\n  searchFields,\n  size: 20,\n  sortFields,\n  start: 0,\n  stringInput: null,\n  suggest: false,\n  suggestDictionary: 'suggester',\n  typeDef: 'edismax',\n  url\n}\nconst queryReducer: Reducer = query(initialQueryState)\n\nexport const rootReducer = (): Reducer => combineReducers({\n  config: configReducer,\n  query: queryReducer,\n  response,\n  suggestions\n})\n\nconst store: Store = createStore(\n  rootReducer(),\n  ((window as any).Cypress && (window as any).initialState),\n  composeWithDevTools(\n    applyMiddleware(\n      thunk\n    )\n  ),\n)\n\nReactDOM.render(\n  <Provider store={store}>\n    <MinimalResultsViewer/>\n  </Provider>,\n  document.getElementById(\"app\")\n)\n\nif ((window as any).Cypress) {\n  (window as any).store = store\n}\n"
      ]
    },
    "_coverageSchema": "332fd63041d2c1bcb487cc26dd0d5f7d97098a6c",
    "hash": "5d9317f3b2da9be6ea2e6648c4108a8dda4ae6e8"
  },
  "/home/christopher/IdeaProjects/react-discovery/packages/react-discovery-app/src/config/index.ts": {
    "path": "/home/christopher/IdeaProjects/react-discovery/packages/react-discovery-app/src/config/index.ts",
    "statementMap": {
      "0": {
        "start": {
          "line": 1,
          "column": 22
        },
        "end": {
          "line": 3,
          "column": 1
        }
      },
      "1": {
        "start": {
          "line": 2,
          "column": 4
        },
        "end": {
          "line": 2,
          "column": 62
        }
      },
      "2": {
        "start": {
          "line": 4,
          "column": 0
        },
        "end": {
          "line": 4,
          "column": 62
        }
      },
      "3": {
        "start": {
          "line": 5,
          "column": 20
        },
        "end": {
          "line": 5,
          "column": 44
        }
      },
      "4": {
        "start": {
          "line": 6,
          "column": 18
        },
        "end": {
          "line": 6,
          "column": 55
        }
      },
      "5": {
        "start": {
          "line": 7,
          "column": 0
        },
        "end": {
          "line": 7,
          "column": 111
        }
      },
      "6": {
        "start": {
          "line": 8,
          "column": 24
        },
        "end": {
          "line": 8,
          "column": 79
        }
      },
      "7": {
        "start": {
          "line": 9,
          "column": 0
        },
        "end": {
          "line": 25,
          "column": 2
        }
      },
      "8": {
        "start": {
          "line": 26,
          "column": 0
        },
        "end": {
          "line": 26,
          "column": 83
        }
      }
    },
    "fnMap": {
      "0": {
        "name": "(anonymous_0)",
        "decl": {
          "start": {
            "line": 1,
            "column": 56
          },
          "end": {
            "line": 1,
            "column": 57
          }
        },
        "loc": {
          "start": {
            "line": 1,
            "column": 71
          },
          "end": {
            "line": 3,
            "column": 1
          }
        },
        "line": 1
      }
    },
    "branchMap": {
      "0": {
        "loc": {
          "start": {
            "line": 1,
            "column": 22
          },
          "end": {
            "line": 3,
            "column": 1
          }
        },
        "type": "binary-expr",
        "locations": [
          {
            "start": {
              "line": 1,
              "column": 23
            },
            "end": {
              "line": 1,
              "column": 27
            }
          },
          {
            "start": {
              "line": 1,
              "column": 31
            },
            "end": {
              "line": 1,
              "column": 51
            }
          },
          {
            "start": {
              "line": 1,
              "column": 56
            },
            "end": {
              "line": 3,
              "column": 1
            }
          }
        ],
        "line": 1
      },
      "1": {
        "loc": {
          "start": {
            "line": 2,
            "column": 11
          },
          "end": {
            "line": 2,
            "column": 61
          }
        },
        "type": "cond-expr",
        "locations": [
          {
            "start": {
              "line": 2,
              "column": 37
            },
            "end": {
              "line": 2,
              "column": 40
            }
          },
          {
            "start": {
              "line": 2,
              "column": 43
            },
            "end": {
              "line": 2,
              "column": 61
            }
          }
        ],
        "line": 2
      },
      "2": {
        "loc": {
          "start": {
            "line": 2,
            "column": 12
          },
          "end": {
            "line": 2,
            "column": 33
          }
        },
        "type": "binary-expr",
        "locations": [
          {
            "start": {
              "line": 2,
              "column": 12
            },
            "end": {
              "line": 2,
              "column": 15
            }
          },
          {
            "start": {
              "line": 2,
              "column": 19
            },
            "end": {
              "line": 2,
              "column": 33
            }
          }
        ],
        "line": 2
      },
      "3": {
        "loc": {
          "start": {
            "line": 8,
            "column": 24
          },
          "end": {
            "line": 8,
            "column": 79
          }
        },
        "type": "binary-expr",
        "locations": [
          {
            "start": {
              "line": 8,
              "column": 24
            },
            "end": {
              "line": 8,
              "column": 67
            }
          },
          {
            "start": {
              "line": 8,
              "column": 71
            },
            "end": {
              "line": 8,
              "column": 79
            }
          }
        ],
        "line": 8
      }
    },
    "s": {
      "0": 80,
      "1": 80,
      "2": 80,
      "3": 80,
      "4": 80,
      "5": 80,
      "6": 80,
      "7": 80,
      "8": 80
    },
    "f": {
      "0": 80
    },
    "b": {
      "0": [
        80,
        80,
        80
      ],
      "1": [
        0,
        80
      ],
      "2": [
        80,
        80
      ],
      "3": [
        80,
        0
      ]
    },
    "inputSourceMap": {
      "version": 3,
      "file": "/home/christopher/IdeaProjects/react-discovery/packages/react-discovery-app/src/config/index.ts",
      "sourceRoot": "/home/christopher/IdeaProjects/react-discovery/packages/react-discovery-app/",
      "sources": [
        "src/config/index.ts"
      ],
      "names": [],
      "mappings": ";;;;AAKA,6CAAiD;AACjD,wDAAiC;AAyCpB,QAAA,WAAW,GAAG,mBAAS,CAAC,GAAG,CAAC,CAAC,iBAAG,EAAE,oBAAM,EAAE,oBAAM,CAAC,CAAC,CAAA;AAC/D,IAAM,iBAAiB,GAAG,OAAO,CAAC,GAAG,CAAC,+BAA+B,IAAI,QAAQ,CAAA;AAEpE,QAAA,UAAU,GAAY;IACjC,WAAW,EAAE,IAAI;IACjB,iBAAiB,mBAAA;IACjB,eAAe,EAAE,IAAI;IACrB,cAAc,EAAE,KAAK;IACrB,SAAS,EAAE;QACT;YACE,KAAK,EAAE,SAAS;YAChB,MAAM,EAAE,IAAI;SACb;QACD;YACE,KAAK,EAAE,SAAS;YAChB,MAAM,EAAE,IAAI;SACb;KAAC;IACJ,aAAa,EAAE,CAAC;CACjB,CAAA;AAEY,QAAA,WAAW,GAAQ,mBAAS,CAAC,kBAAU,EAAE,mBAAW,CAAC,CAAA",
      "sourcesContent": [
        "import {\n  IRefinementListFilter,\n  ISearchField,\n  ISortField\n} from '@react-discovery/solr'\nimport {hsp, nested, test01} from './collections'\nimport deepmerge from 'deepmerge'\n\nexport interface IHitComponent {\n  defaultOption?: boolean;\n  expandedView?: boolean;\n  hitComponent: string;\n  key: string;\n  title: string;\n}\n\nexport interface IFilter {\n  [field: string]: string[];\n}\n\nexport interface ILanguage {\n  label: string;\n  locale: string;\n}\n\nexport interface IConfig {\n  currentCollection?: string;\n  currentLanguage?: string;\n  collections: {\n    [collection: string]: {\n      docTypes?: string[];\n      hitComponents: IHitComponent[];\n      initialFilter?: IFilter;\n      refinementListFilters: {\n        [id: string]: IRefinementListFilter;\n      };\n      searchFields: ISearchField[];\n      sortFields: ISortField[];\n      url: string;\n    };\n  };\n  highlighting?: boolean;\n  languages?: ILanguage[];\n  isViewExpanded?: boolean;\n  selectedIndex?: number;\n}\n\nexport const collections = deepmerge.all([hsp, nested, test01])\nconst currentCollection = process.env.REACT_APP_SEARCH_API_COLLECTION || \"test01\"\n\nexport const rootConfig: IConfig = {\n  collections: null,\n  currentCollection,\n  currentLanguage: 'de',\n  isViewExpanded: false,\n  languages: [\n    {\n      label: 'Deutsch',\n      locale: 'de',\n    },\n    {\n      label: 'English',\n      locale: 'en',\n    }],\n  selectedIndex: 0\n}\n\nexport const localConfig: any = deepmerge(rootConfig, collections)\n"
      ]
    },
    "_coverageSchema": "332fd63041d2c1bcb487cc26dd0d5f7d97098a6c",
    "hash": "11e1f1ffa8e044555c0a0539cf219aaeb2cbce73"
  },
  "/home/christopher/IdeaProjects/react-discovery/packages/react-discovery-app/src/config/collections/index.ts": {
    "path": "/home/christopher/IdeaProjects/react-discovery/packages/react-discovery-app/src/config/collections/index.ts",
    "statementMap": {
      "0": {
        "start": {
          "line": 2,
          "column": 4
        },
        "end": {
          "line": 2,
          "column": 71
        }
      },
      "1": {
        "start": {
          "line": 2,
          "column": 21
        },
        "end": {
          "line": 2,
          "column": 71
        }
      },
      "2": {
        "start": {
          "line": 2,
          "column": 53
        },
        "end": {
          "line": 2,
          "column": 71
        }
      },
      "3": {
        "start": {
          "line": 4,
          "column": 0
        },
        "end": {
          "line": 4,
          "column": 62
        }
      },
      "4": {
        "start": {
          "line": 5,
          "column": 0
        },
        "end": {
          "line": 5,
          "column": 27
        }
      },
      "5": {
        "start": {
          "line": 6,
          "column": 0
        },
        "end": {
          "line": 6,
          "column": 30
        }
      },
      "6": {
        "start": {
          "line": 7,
          "column": 0
        },
        "end": {
          "line": 7,
          "column": 30
        }
      }
    },
    "fnMap": {
      "0": {
        "name": "__export",
        "decl": {
          "start": {
            "line": 1,
            "column": 9
          },
          "end": {
            "line": 1,
            "column": 17
          }
        },
        "loc": {
          "start": {
            "line": 1,
            "column": 21
          },
          "end": {
            "line": 3,
            "column": 1
          }
        },
        "line": 1
      }
    },
    "branchMap": {
      "0": {
        "loc": {
          "start": {
            "line": 2,
            "column": 21
          },
          "end": {
            "line": 2,
            "column": 71
          }
        },
        "type": "if",
        "locations": [
          {
            "start": {
              "line": 2,
              "column": 21
            },
            "end": {
              "line": 2,
              "column": 71
            }
          },
          {
            "start": {
              "line": 2,
              "column": 21
            },
            "end": {
              "line": 2,
              "column": 71
            }
          }
        ],
        "line": 2
      }
    },
    "s": {
      "0": 240,
      "1": 240,
      "2": 240,
      "3": 80,
      "4": 80,
      "5": 80,
      "6": 80
    },
    "f": {
      "0": 240
    },
    "b": {
      "0": [
        240,
        0
      ]
    },
    "inputSourceMap": {
      "version": 3,
      "file": "/home/christopher/IdeaProjects/react-discovery/packages/react-discovery-app/src/config/collections/index.ts",
      "sourceRoot": "/home/christopher/IdeaProjects/react-discovery/packages/react-discovery-app/",
      "sources": [
        "src/config/collections/index.ts"
      ],
      "names": [],
      "mappings": ";;;;AAAA,2BAAqB;AACrB,8BAAwB;AACxB,8BAAwB",
      "sourcesContent": [
        "export * from './hsp'\nexport * from './test01'\nexport * from './nested'\n\n"
      ]
    },
    "_coverageSchema": "332fd63041d2c1bcb487cc26dd0d5f7d97098a6c",
    "hash": "5b6ee11fa1272d6f1f7600588e8719b60b3e839c"
  },
  "/home/christopher/IdeaProjects/react-discovery/packages/react-discovery-app/src/config/collections/hsp.ts": {
    "path": "/home/christopher/IdeaProjects/react-discovery/packages/react-discovery-app/src/config/collections/hsp.ts",
    "statementMap": {
      "0": {
        "start": {
          "line": 1,
          "column": 0
        },
        "end": {
          "line": 1,
          "column": 62
        }
      },
      "1": {
        "start": {
          "line": 2,
          "column": 0
        },
        "end": {
          "line": 89,
          "column": 2
        }
      }
    },
    "fnMap": {},
    "branchMap": {},
    "s": {
      "0": 80,
      "1": 80
    },
    "f": {},
    "b": {},
    "inputSourceMap": {
      "version": 3,
      "file": "/home/christopher/IdeaProjects/react-discovery/packages/react-discovery-app/src/config/collections/hsp.ts",
      "sourceRoot": "/home/christopher/IdeaProjects/react-discovery/packages/react-discovery-app/",
      "sources": [
        "src/config/collections/hsp.ts"
      ],
      "names": [],
      "mappings": ";AAEa,QAAA,GAAG,GAAY;IAC1B,WAAW,EAAE;QACX,GAAG,EAAE;YACH,aAAa,EAAE;gBACb;oBACE,aAAa,EAAE,IAAI;oBACnB,YAAY,EAAE,qBAAqB;oBACnC,GAAG,EAAE,MAAM;oBACX,KAAK,EAAE,SAAS;iBACjB;gBACD;oBACE,YAAY,EAAE,sBAAsB;oBACpC,GAAG,EAAE,MAAM;oBACX,KAAK,EAAE,UAAU;iBAClB;aACF;YACD,qBAAqB,EAAE;gBACrB,CAAC,EAAE;oBACD,KAAK,EAAE,yBAAyB;oBAChC,KAAK,EAAE,UAAU;iBAClB;gBACD,CAAC,EAAE;oBACD,KAAK,EAAE,yCAAyC;oBAChD,KAAK,EAAE,OAAO;iBACf;gBACD,CAAC,EAAE;oBACD,KAAK,EAAE,gBAAgB;oBACvB,KAAK,EAAE,UAAU;iBAClB;aACF;YACD,YAAY,EAAE;gBACZ;oBACE,KAAK,EAAE,OAAO;oBACd,KAAK,EAAE,OAAO;oBACd,IAAI,EAAE,MAAM;iBACb;gBACD;oBACE,KAAK,EAAE,qBAAqB;oBAC5B,KAAK,EAAE,eAAe;oBACtB,IAAI,EAAE,YAAY;iBACnB;gBACD;oBACE,KAAK,EAAE,gBAAgB;oBACvB,KAAK,EAAE,UAAU;oBACjB,IAAI,EAAE,YAAY;iBACnB;gBACD;oBACE,KAAK,EAAE,yBAAyB;oBAChC,KAAK,EAAE,UAAU;oBACjB,IAAI,EAAE,YAAY;iBACnB;gBACD;oBACE,KAAK,EAAE,yCAAyC;oBAChD,KAAK,EAAE,cAAc;oBACrB,IAAI,EAAE,YAAY;iBACnB;gBACD;oBACE,KAAK,EAAE,UAAU;oBACjB,KAAK,EAAE,UAAU;oBACjB,IAAI,EAAE,MAAM;iBACb;aACF;YACD,UAAU,EAAE;gBACV;oBACE,KAAK,EAAE,qBAAqB;oBAC5B,KAAK,EAAE,eAAe;oBACtB,KAAK,EAAE,KAAK;iBACb;gBACD;oBACE,KAAK,EAAE,yCAAyC;oBAChD,KAAK,EAAE,cAAc;oBACrB,KAAK,EAAE,KAAK;iBACb;gBACD;oBACE,KAAK,EAAE,yBAAyB;oBAChC,KAAK,EAAE,UAAU;oBACjB,KAAK,EAAE,KAAK;iBACb;gBACD;oBACE,KAAK,EAAE,gBAAgB;oBACvB,KAAK,EAAE,UAAU;oBACjB,KAAK,EAAE,KAAK;iBACb;aACF;YACD,GAAG,EAAE,OAAO,CAAC,GAAG,CAAC,yBAAyB,GAAG,OAAO,CAAC,GAAG,CAAC,+BAA+B;SACzF;KACF;CACF,CAAA",
      "sourcesContent": [
        "import {IConfig} from \"../index\"\n\nexport const hsp: IConfig = {\n  collections: {\n    hsp: {\n      hitComponents: [\n        {\n          defaultOption: true,\n          hitComponent: \"DefaultHitComponent\",\n          key: \"list\",\n          title: \"Default\"\n        },\n        {\n          hitComponent: \"ExpandedHitComponent\",\n          key: \"list\",\n          title: \"Expanded\"\n        }\n      ],\n      refinementListFilters: {\n        1: {\n          field: \"schreibsprachen_0_.name\",\n          label: \"Language\",\n        },\n        2: {\n          field: \"entstehungsDaten_0_.entstehungsort.name\",\n          label: \"Place\",\n        },\n        3: {\n          field: \"stoffe_0_.name\",\n          label: \"Material\",\n        },\n      },\n      searchFields: [\n        {\n          field: \"titel\",\n          label: \"Title\",\n          type: \"text\"\n        },\n        {\n          field: \"aufbewarungOrt.name\",\n          label: \"Holding Place\",\n          type: \"list-facet\"\n        },\n        {\n          field: \"stoffe_0_.name\",\n          label: \"Material\",\n          type: \"list-facet\"\n        },\n        {\n          field: \"schreibsprachen_0_.name\",\n          label: \"Language\",\n          type: \"list-facet\"\n        },\n        {\n          field: \"entstehungsDaten_0_.entstehungsort.name\",\n          label: \"Origin Place\",\n          type: \"list-facet\"\n        },\n        {\n          field: \"signatur\",\n          label: \"Signatur\",\n          type: \"text\"\n        },\n      ],\n      sortFields: [\n        {\n          field: \"aufbewarungOrt.name\",\n          label: \"Holding Place\",\n          order: \"asc\"\n        },\n        {\n          field: \"entstehungsDaten_0_.entstehungsort.name\",\n          label: \"Origin Place\",\n          order: \"asc\"\n        },\n        {\n          field: \"schreibsprachen_0_.name\",\n          label: \"Language\",\n          order: \"asc\"\n        },\n        {\n          field: \"stoffe_0_.name\",\n          label: \"Material\",\n          order: \"asc\"\n        },\n      ],\n      url: process.env.REACT_APP_SEARCH_API_HOST + process.env.REACT_APP_SEARCH_API_COLLECTION\n    }\n  }\n}\n"
      ]
    },
    "_coverageSchema": "332fd63041d2c1bcb487cc26dd0d5f7d97098a6c",
    "hash": "ee3972cc04bfe74afe1f91463a7739f6d9468104"
  },
  "/home/christopher/IdeaProjects/react-discovery/packages/react-discovery-app/src/config/collections/test01.ts": {
    "path": "/home/christopher/IdeaProjects/react-discovery/packages/react-discovery-app/src/config/collections/test01.ts",
    "statementMap": {
      "0": {
        "start": {
          "line": 1,
          "column": 0
        },
        "end": {
          "line": 1,
          "column": 62
        }
      },
      "1": {
        "start": {
          "line": 2,
          "column": 0
        },
        "end": {
          "line": 81,
          "column": 2
        }
      }
    },
    "fnMap": {},
    "branchMap": {},
    "s": {
      "0": 80,
      "1": 80
    },
    "f": {},
    "b": {},
    "inputSourceMap": {
      "version": 3,
      "file": "/home/christopher/IdeaProjects/react-discovery/packages/react-discovery-app/src/config/collections/test01.ts",
      "sourceRoot": "/home/christopher/IdeaProjects/react-discovery/packages/react-discovery-app/",
      "sources": [
        "src/config/collections/test01.ts"
      ],
      "names": [],
      "mappings": ";AAEa,QAAA,MAAM,GAAY;IAC7B,WAAW,EAAE;QACX,MAAM,EAAE;YACN,aAAa,EAAE;gBACb;oBACE,aAAa,EAAE,IAAI;oBACnB,YAAY,EAAE,qBAAqB;oBACnC,GAAG,EAAE,MAAM;oBACX,KAAK,EAAE,SAAS;iBACjB;gBACD;oBACE,YAAY,EAAE,IAAI;oBAClB,YAAY,EAAE,sBAAsB;oBACpC,GAAG,EAAE,MAAM;oBACX,KAAK,EAAE,UAAU;iBAClB;aACF;YACD,qBAAqB,EAAE;gBACrB,CAAC,EAAE;oBACD,KAAK,EAAE,SAAS;oBAChB,KAAK,EAAE,OAAO;iBACf;gBACD,CAAC,EAAE;oBACD,KAAK,EAAE,cAAc;oBACrB,KAAK,EAAE,YAAY;iBACpB;aACF;YACD,YAAY,EAAE;gBACZ;oBACE,KAAK,EAAE,QAAQ;oBACf,KAAK,EAAE,MAAM;oBACb,IAAI,EAAE,MAAM;iBACb;gBACD;oBACE,KAAK,EAAE,SAAS;oBAChB,KAAK,EAAE,OAAO;oBACd,IAAI,EAAE,YAAY;iBACnB;gBACD;oBACE,KAAK,EAAE,cAAc;oBACrB,KAAK,EAAE,YAAY;oBACnB,IAAI,EAAE,YAAY;iBACnB;gBACD;oBACE,KAAK,EAAE,SAAS;oBAChB,KAAK,EAAE,MAAM;oBACb,IAAI,EAAE,YAAY;iBACnB;gBACD;oBACE,KAAK,EAAE,QAAQ;oBACf,KAAK,EAAE,MAAM;oBACb,IAAI,EAAE,YAAY;iBACnB;aACF;YACD,UAAU,EAAE;gBACV;oBACE,KAAK,EAAE,SAAS;oBAChB,KAAK,EAAE,OAAO;oBACd,KAAK,EAAE,KAAK;iBACb;gBACD;oBACE,KAAK,EAAE,QAAQ;oBACf,KAAK,EAAE,MAAM;oBACb,KAAK,EAAE,KAAK;iBACb;gBACD;oBACE,KAAK,EAAE,cAAc;oBACrB,KAAK,EAAE,YAAY;oBACnB,KAAK,EAAE,KAAK;iBACb;gBACD;oBACE,KAAK,EAAE,QAAQ;oBACf,KAAK,EAAE,MAAM;oBACb,KAAK,EAAE,KAAK;iBACb;aACF;YACD,GAAG,EAAE,OAAO,CAAC,GAAG,CAAC,yBAAyB,GAAG,OAAO,CAAC,GAAG,CAAC,+BAA+B;SACzF;KACF;CACF,CAAA",
      "sourcesContent": [
        "import {IConfig} from \"../index\"\n\nexport const test01: IConfig = {\n  collections: {\n    test01: {\n      hitComponents: [\n        {\n          defaultOption: true,\n          hitComponent: \"DefaultHitComponent\",\n          key: \"list\",\n          title: \"Default\"\n        },\n        {\n          expandedView: true,\n          hitComponent: \"ExpandedHitComponent\",\n          key: \"list\",\n          title: \"Expanded\"\n        }\n      ],\n      refinementListFilters: {\n        1: {\n          field: 'place_s',\n          label: 'Place',\n        },\n        2: {\n          field: 'department_s',\n          label: 'Department',\n        }\n      },\n      searchFields: [\n        {\n          field: \"name_t\",\n          label: \"Name\",\n          type: \"text\"\n        },\n        {\n          field: \"place_s\",\n          label: \"Place\",\n          type: \"list-facet\"\n        },\n        {\n          field: \"department_s\",\n          label: \"Department\",\n          type: \"list-facet\"\n        },\n        {\n          field: \"tags_ss\",\n          label: \"Tags\",\n          type: \"list-facet\"\n        },\n        {\n          field: \"year_i\",\n          label: \"Year\",\n          type: \"list-facet\"\n        }\n      ],\n      sortFields: [\n        {\n          field: \"place_s\",\n          label: \"Place\",\n          order: \"asc\"\n        },\n        {\n          field: \"name_t\",\n          label: \"Name\",\n          order: \"asc\"\n        },\n        {\n          field: \"department_s\",\n          label: \"Department\",\n          order: \"asc\"\n        },\n        {\n          field: \"year_i\",\n          label: \"Year\",\n          order: \"asc\"\n        }\n      ],\n      url: process.env.REACT_APP_SEARCH_API_HOST + process.env.REACT_APP_SEARCH_API_COLLECTION\n    }\n  }\n}\n"
      ]
    },
    "_coverageSchema": "332fd63041d2c1bcb487cc26dd0d5f7d97098a6c",
    "hash": "94eeae4a712104ce5c07c166039301a1d9174859"
  },
  "/home/christopher/IdeaProjects/react-discovery/packages/react-discovery-app/src/config/collections/nested.ts": {
    "path": "/home/christopher/IdeaProjects/react-discovery/packages/react-discovery-app/src/config/collections/nested.ts",
    "statementMap": {
      "0": {
        "start": {
          "line": 1,
          "column": 0
        },
        "end": {
          "line": 1,
          "column": 62
        }
      },
      "1": {
        "start": {
          "line": 2,
          "column": 0
        },
        "end": {
          "line": 159,
          "column": 2
        }
      }
    },
    "fnMap": {},
    "branchMap": {},
    "s": {
      "0": 80,
      "1": 80
    },
    "f": {},
    "b": {},
    "inputSourceMap": {
      "version": 3,
      "file": "/home/christopher/IdeaProjects/react-discovery/packages/react-discovery-app/src/config/collections/nested.ts",
      "sourceRoot": "/home/christopher/IdeaProjects/react-discovery/packages/react-discovery-app/",
      "sources": [
        "src/config/collections/nested.ts"
      ],
      "names": [],
      "mappings": ";AAEa,QAAA,MAAM,GAAY;IAC7B,WAAW,EAAE;QACX,MAAM,EAAE;YACN,QAAQ,EAAE,CAAC,KAAK,EAAE,cAAc,EAAE,aAAa,EAAE,QAAQ,EAAE,OAAO,CAAC;YACnE,aAAa,EAAE;gBACb;oBACE,aAAa,EAAE,IAAI;oBACnB,YAAY,EAAE,KAAK;oBACnB,YAAY,EAAE,KAAK;oBACnB,GAAG,EAAE,OAAO;oBACZ,KAAK,EAAE,KAAK;iBACb;gBACD;oBACE,YAAY,EAAE,KAAK;oBACnB,YAAY,EAAE,cAAc;oBAC5B,GAAG,EAAE,OAAO;oBACZ,KAAK,EAAE,cAAc;iBACtB;gBACD;oBACE,YAAY,EAAE,KAAK;oBACnB,YAAY,EAAE,aAAa;oBAC3B,GAAG,EAAE,OAAO;oBACZ,KAAK,EAAE,aAAa;iBACrB;gBACD;oBACE,YAAY,EAAE,IAAI;oBAClB,YAAY,EAAE,qBAAqB;oBACnC,GAAG,EAAE,OAAO;oBACZ,KAAK,EAAE,aAAa;iBACrB;gBACD;oBACE,YAAY,EAAE,IAAI;oBAClB,YAAY,EAAE,aAAa;oBAC3B,GAAG,EAAE,OAAO;oBACZ,KAAK,EAAE,KAAK;iBACb;aACF;YACD,aAAa,EAAE,EAAC,QAAQ,EAAE,CAAC,KAAK,CAAC,EAAC;YAClC,qBAAqB,EAAE;gBACrB,CAAC,EAAE;oBACD,KAAK,EAAE,kBAAkB;oBACzB,KAAK,EAAE,aAAa;iBACrB;gBACD,CAAC,EAAE;oBACD,KAAK,EAAE,UAAU;oBACjB,KAAK,EAAE,QAAQ;iBAChB;gBACD,CAAC,EAAE;oBACD,KAAK,EAAE,kBAAkB;oBACzB,KAAK,EAAE,UAAU;iBAClB;aACF;YACD,YAAY,EAAE;gBACZ;oBACE,KAAK,EAAE,IAAI;oBACX,KAAK,EAAE,IAAI;oBACX,IAAI,EAAE,MAAM;iBACb;gBACD;oBACE,KAAK,EAAE,QAAQ;oBACf,KAAK,EAAE,MAAM;oBACb,IAAI,EAAE,YAAY;iBACnB;gBACD;oBACE,KAAK,EAAE,oBAAoB;oBAC3B,OAAO,EAAE,IAAI;oBACb,KAAK,EAAE,kBAAkB;oBACzB,IAAI,EAAE,MAAM;iBACb;gBACD;oBACE,KAAK,EAAE,0BAA0B;oBACjC,OAAO,EAAE,IAAI;oBACb,KAAK,EAAE,wBAAwB;oBAC/B,IAAI,EAAE,MAAM;iBACb;gBACD;oBACE,KAAK,EAAE,yBAAyB;oBAChC,OAAO,EAAE,IAAI;oBACb,KAAK,EAAE,UAAU;oBACjB,IAAI,EAAE,MAAM;iBACb;gBACD;oBACE,KAAK,EAAE,SAAS;oBAChB,KAAK,EAAE,OAAO;oBACd,IAAI,EAAE,MAAM;iBACb;gBACD;oBACE,KAAK,EAAE,YAAY;oBACnB,KAAK,EAAE,UAAU;oBACjB,IAAI,EAAE,MAAM;iBACb;gBACD;oBACE,KAAK,EAAE,UAAU;oBACjB,KAAK,EAAE,UAAU;oBACjB,IAAI,EAAE,YAAY;iBACnB;gBACD;oBACE,KAAK,EAAE,aAAa;oBACpB,KAAK,EAAE,WAAW;oBAClB,IAAI,EAAE,YAAY;iBACnB;gBACD;oBACE,KAAK,EAAE,WAAW;oBAClB,KAAK,EAAE,QAAQ;oBACf,IAAI,EAAE,YAAY;iBACnB;gBACD;oBACE,KAAK,EAAE,kBAAkB;oBACzB,KAAK,EAAE,aAAa;oBACpB,IAAI,EAAE,YAAY;iBACnB;gBACD;oBACE,KAAK,EAAE,mBAAmB;oBAC1B,KAAK,EAAE,YAAY;oBACnB,IAAI,EAAE,MAAM;iBACb;gBACD;oBACE,KAAK,EAAE,WAAW;oBAClB,KAAK,EAAE,UAAU;oBACjB,IAAI,EAAE,MAAM;iBACb;gBACD;oBACE,KAAK,EAAE,UAAU;oBACjB,KAAK,EAAE,QAAQ;oBACf,IAAI,EAAE,YAAY;iBACnB;gBACD;oBACE,KAAK,EAAE,WAAW;oBAClB,KAAK,EAAE,cAAc;oBACrB,IAAI,EAAE,YAAY;iBACnB;gBACD;oBACE,KAAK,EAAE,kBAAkB;oBACzB,KAAK,EAAE,UAAU;oBACjB,IAAI,EAAE,YAAY;iBACnB;gBACD;oBACE,KAAK,EAAE,eAAe;oBACtB,KAAK,EAAE,eAAe;oBACtB,IAAI,EAAE,YAAY;iBACnB;aACF;YACD,UAAU,EAAE;gBACV;oBACE,KAAK,EAAE,kBAAkB;oBACzB,KAAK,EAAE,aAAa;oBACpB,KAAK,EAAE,KAAK;iBACb;gBACD;oBACE,KAAK,EAAE,UAAU;oBACjB,KAAK,EAAE,QAAQ;oBACf,KAAK,EAAE,KAAK;iBACb;aACF;YACD,GAAG,EAAE,OAAO,CAAC,GAAG,CAAC,yBAAyB,GAAG,OAAO,CAAC,GAAG,CAAC,+BAA+B;SACzF;KACF;CACF,CAAA",
      "sourcesContent": [
        "import {IConfig} from \"../index\"\n\nexport const nested: IConfig = {\n  collections: {\n    nested: {\n      docTypes: ['KOD', 'Beschreibung', 'Digitalisat', 'Person', 'Werke'],\n      hitComponents: [\n        {\n          defaultOption: true,\n          expandedView: false,\n          hitComponent: \"KOD\",\n          key: \"facet\",\n          title: \"KOD\"\n        },\n        {\n          expandedView: false,\n          hitComponent: \"Beschreibung\",\n          key: \"facet\",\n          title: \"Beschreibung\"\n        },\n        {\n          expandedView: false,\n          hitComponent: \"Digitalisat\",\n          key: \"facet\",\n          title: \"Digitalisat\"\n        },\n        {\n          expandedView: true,\n          hitComponent: \"DigitalisatExpanded\",\n          key: \"facet\",\n          title: \"Digitalisat\"\n        },\n        {\n          expandedView: true,\n          hitComponent: \"KODExpanded\",\n          key: \"facet\",\n          title: \"KOD\"\n        }\n      ],\n      initialFilter: {'type_s': ['KOD']},\n      refinementListFilters: {\n        1: {\n          field: \"entstehungsort_s\",\n          label: \"originPlace\",\n        },\n        2: {\n          field: \"status_s\",\n          label: \"status\",\n        },\n        3: {\n          field: \"schreibsprache_s\",\n          label: \"language\",\n        }\n      },\n      searchFields: [\n        {\n          field: \"id\",\n          label: \"id\",\n          type: \"text\"\n        },\n        {\n          field: \"type_s\",\n          label: \"type\",\n          type: \"list-facet\"\n        },\n        {\n          field: \"beschreibungText_t\",\n          isChild: true,\n          label: \"BeschreibungText\",\n          type: \"text\"\n        },\n        {\n          field: \"digitalisatDescription_t\",\n          isChild: true,\n          label: \"DigitalisatDescription\",\n          type: \"text\"\n        },\n        {\n          field: \"digitalisatManifestId_s\",\n          isChild: true,\n          label: \"Manifest\",\n          type: \"text\"\n        },\n        {\n          field: \"titel_t\",\n          label: \"Title\",\n          type: \"text\"\n        },\n        {\n          field: \"subtitel_t\",\n          label: \"Subtitel\",\n          type: \"text\"\n        },\n        {\n          field: \"stoff_ss\",\n          label: \"material\",\n          type: \"list-facet\"\n        },\n        {\n          field: \"blattzahl_i\",\n          label: \"pageCount\",\n          type: \"list-facet\"\n        },\n        {\n          field: \"format_ss\",\n          label: \"format\",\n          type: \"list-facet\"\n        },\n        {\n          field: \"entstehungsort_s\",\n          label: \"originPlace\",\n          type: \"list-facet\"\n        },\n        {\n          field: \"entstehungdatum_s\",\n          label: \"originDate\",\n          type: \"text\"\n        },\n        {\n          field: \"formtyp_s\",\n          label: \"formType\",\n          type: \"text\"\n        },\n        {\n          field: \"status_s\",\n          label: \"status\",\n          type: \"list-facet\"\n        },\n        {\n          field: \"schrift_s\",\n          label: \"writingStyle\",\n          type: \"list-facet\"\n        },\n        {\n          field: \"schreibsprache_s\",\n          label: \"language\",\n          type: \"list-facet\"\n        },\n        {\n          field: \"vorbesitzer_s\",\n          label: \"previousOwner\",\n          type: \"list-facet\"\n        },\n      ],\n      sortFields: [\n        {\n          field: \"entstehungsort_s\",\n          label: \"originPlace\",\n          order: \"asc\"\n        },\n        {\n          field: \"status_s\",\n          label: \"status\",\n          order: \"asc\"\n        },\n      ],\n      url: process.env.REACT_APP_SEARCH_API_HOST + process.env.REACT_APP_SEARCH_API_COLLECTION\n    }\n  }\n}\n"
      ]
    },
    "_coverageSchema": "332fd63041d2c1bcb487cc26dd0d5f7d97098a6c",
    "hash": "3ddf67f91588754a2d37e4b82a951968e6f62fe4"
  },
  "/home/christopher/IdeaProjects/react-discovery/packages/react-discovery-app/src/components/index.ts": {
    "path": "/home/christopher/IdeaProjects/react-discovery/packages/react-discovery-app/src/components/index.ts",
    "statementMap": {
      "0": {
        "start": {
          "line": 2,
          "column": 4
        },
        "end": {
          "line": 2,
          "column": 71
        }
      },
      "1": {
        "start": {
          "line": 2,
          "column": 21
        },
        "end": {
          "line": 2,
          "column": 71
        }
      },
      "2": {
        "start": {
          "line": 2,
          "column": 53
        },
        "end": {
          "line": 2,
          "column": 71
        }
      },
      "3": {
        "start": {
          "line": 4,
          "column": 0
        },
        "end": {
          "line": 4,
          "column": 62
        }
      },
      "4": {
        "start": {
          "line": 5,
          "column": 0
        },
        "end": {
          "line": 5,
          "column": 33
        }
      },
      "5": {
        "start": {
          "line": 6,
          "column": 0
        },
        "end": {
          "line": 6,
          "column": 29
        }
      },
      "6": {
        "start": {
          "line": 7,
          "column": 0
        },
        "end": {
          "line": 7,
          "column": 39
        }
      },
      "7": {
        "start": {
          "line": 8,
          "column": 0
        },
        "end": {
          "line": 8,
          "column": 41
        }
      },
      "8": {
        "start": {
          "line": 9,
          "column": 0
        },
        "end": {
          "line": 9,
          "column": 36
        }
      },
      "9": {
        "start": {
          "line": 10,
          "column": 0
        },
        "end": {
          "line": 10,
          "column": 44
        }
      },
      "10": {
        "start": {
          "line": 11,
          "column": 0
        },
        "end": {
          "line": 11,
          "column": 28
        }
      },
      "11": {
        "start": {
          "line": 12,
          "column": 0
        },
        "end": {
          "line": 12,
          "column": 32
        }
      },
      "12": {
        "start": {
          "line": 13,
          "column": 0
        },
        "end": {
          "line": 13,
          "column": 32
        }
      },
      "13": {
        "start": {
          "line": 14,
          "column": 0
        },
        "end": {
          "line": 14,
          "column": 44
        }
      },
      "14": {
        "start": {
          "line": 15,
          "column": 0
        },
        "end": {
          "line": 15,
          "column": 34
        }
      },
      "15": {
        "start": {
          "line": 16,
          "column": 0
        },
        "end": {
          "line": 16,
          "column": 38
        }
      },
      "16": {
        "start": {
          "line": 17,
          "column": 0
        },
        "end": {
          "line": 17,
          "column": 45
        }
      },
      "17": {
        "start": {
          "line": 18,
          "column": 0
        },
        "end": {
          "line": 18,
          "column": 33
        }
      },
      "18": {
        "start": {
          "line": 19,
          "column": 0
        },
        "end": {
          "line": 19,
          "column": 48
        }
      },
      "19": {
        "start": {
          "line": 20,
          "column": 0
        },
        "end": {
          "line": 20,
          "column": 39
        }
      },
      "20": {
        "start": {
          "line": 21,
          "column": 0
        },
        "end": {
          "line": 21,
          "column": 33
        }
      },
      "21": {
        "start": {
          "line": 22,
          "column": 0
        },
        "end": {
          "line": 22,
          "column": 34
        }
      },
      "22": {
        "start": {
          "line": 23,
          "column": 0
        },
        "end": {
          "line": 23,
          "column": 42
        }
      }
    },
    "fnMap": {
      "0": {
        "name": "__export",
        "decl": {
          "start": {
            "line": 1,
            "column": 9
          },
          "end": {
            "line": 1,
            "column": 17
          }
        },
        "loc": {
          "start": {
            "line": 1,
            "column": 21
          },
          "end": {
            "line": 3,
            "column": 1
          }
        },
        "line": 1
      }
    },
    "branchMap": {
      "0": {
        "loc": {
          "start": {
            "line": 2,
            "column": 21
          },
          "end": {
            "line": 2,
            "column": 71
          }
        },
        "type": "if",
        "locations": [
          {
            "start": {
              "line": 2,
              "column": 21
            },
            "end": {
              "line": 2,
              "column": 71
            }
          },
          {
            "start": {
              "line": 2,
              "column": 21
            },
            "end": {
              "line": 2,
              "column": 71
            }
          }
        ],
        "line": 2
      }
    },
    "s": {
      "0": 1520,
      "1": 2160,
      "2": 2160,
      "3": 80,
      "4": 80,
      "5": 80,
      "6": 80,
      "7": 80,
      "8": 80,
      "9": 80,
      "10": 80,
      "11": 80,
      "12": 80,
      "13": 80,
      "14": 80,
      "15": 80,
      "16": 80,
      "17": 80,
      "18": 80,
      "19": 80,
      "20": 80,
      "21": 80,
      "22": 80
    },
    "f": {
      "0": 1520
    },
    "b": {
      "0": [
        2160,
        0
      ]
    },
    "inputSourceMap": {
      "version": 3,
      "file": "/home/christopher/IdeaProjects/react-discovery/packages/react-discovery-app/src/components/index.ts",
      "sourceRoot": "/home/christopher/IdeaProjects/react-discovery/packages/react-discovery-app/",
      "sources": [
        "src/components/index.ts"
      ],
      "names": [],
      "mappings": ";;;;AAAA,iCAA2B;AAC3B,6BAAuB;AACvB,uCAAiC;AACjC,yCAAmC;AACnC,oCAA8B;AAC9B,4CAAsC;AACtC,4BAAsB;AACtB,gCAA0B;AAC1B,gCAA0B;AAC1B,4CAAsC;AACtC,kCAA4B;AAC5B,sCAAgC;AAChC,6CAAuC;AACvC,iCAA2B;AAC3B,gDAA0C;AAC1C,uCAAiC;AACjC,iCAA2B;AAC3B,kCAA4B;AAC5B,0CAAoC",
      "sourcesContent": [
        "export * from './hit-views'\nexport * from './menus'\nexport * from './ExpertSearchBox'\nexport * from './FacetViewSwitcher'\nexport * from './SearchAppBar'\nexport * from './GroupSelectedFilters'\nexport * from './Hits'\nexport * from './HitStats'\nexport * from './ItemList'\nexport * from './MinimalResultsViewer'\nexport * from './Pagination'\nexport * from './PersistControl'\nexport * from './RefinementListFilters'\nexport * from './SearchBox'\nexport * from './SearchBoxInputAdornments'\nexport * from './SortingSelector'\nexport * from './Suggester'\nexport * from './TabsAppBar'\nexport * from './ViewSwitcherToggle'\n"
      ]
    },
    "_coverageSchema": "332fd63041d2c1bcb487cc26dd0d5f7d97098a6c",
    "hash": "41482576543b74eb75c7b1873a1df39699b42a3c"
  },
  "/home/christopher/IdeaProjects/react-discovery/packages/react-discovery-app/src/components/hit-views/index.ts": {
    "path": "/home/christopher/IdeaProjects/react-discovery/packages/react-discovery-app/src/components/hit-views/index.ts",
    "statementMap": {
      "0": {
        "start": {
          "line": 2,
          "column": 4
        },
        "end": {
          "line": 2,
          "column": 71
        }
      },
      "1": {
        "start": {
          "line": 2,
          "column": 21
        },
        "end": {
          "line": 2,
          "column": 71
        }
      },
      "2": {
        "start": {
          "line": 2,
          "column": 53
        },
        "end": {
          "line": 2,
          "column": 71
        }
      },
      "3": {
        "start": {
          "line": 4,
          "column": 0
        },
        "end": {
          "line": 4,
          "column": 62
        }
      },
      "4": {
        "start": {
          "line": 5,
          "column": 0
        },
        "end": {
          "line": 5,
          "column": 43
        }
      },
      "5": {
        "start": {
          "line": 6,
          "column": 0
        },
        "end": {
          "line": 6,
          "column": 44
        }
      },
      "6": {
        "start": {
          "line": 7,
          "column": 0
        },
        "end": {
          "line": 7,
          "column": 34
        }
      },
      "7": {
        "start": {
          "line": 8,
          "column": 0
        },
        "end": {
          "line": 8,
          "column": 38
        }
      },
      "8": {
        "start": {
          "line": 9,
          "column": 0
        },
        "end": {
          "line": 9,
          "column": 27
        }
      },
      "9": {
        "start": {
          "line": 10,
          "column": 0
        },
        "end": {
          "line": 10,
          "column": 39
        }
      },
      "10": {
        "start": {
          "line": 11,
          "column": 0
        },
        "end": {
          "line": 11,
          "column": 37
        }
      },
      "11": {
        "start": {
          "line": 12,
          "column": 0
        },
        "end": {
          "line": 12,
          "column": 36
        }
      }
    },
    "fnMap": {
      "0": {
        "name": "__export",
        "decl": {
          "start": {
            "line": 1,
            "column": 9
          },
          "end": {
            "line": 1,
            "column": 17
          }
        },
        "loc": {
          "start": {
            "line": 1,
            "column": 21
          },
          "end": {
            "line": 3,
            "column": 1
          }
        },
        "line": 1
      }
    },
    "branchMap": {
      "0": {
        "loc": {
          "start": {
            "line": 2,
            "column": 21
          },
          "end": {
            "line": 2,
            "column": 71
          }
        },
        "type": "if",
        "locations": [
          {
            "start": {
              "line": 2,
              "column": 21
            },
            "end": {
              "line": 2,
              "column": 71
            }
          },
          {
            "start": {
              "line": 2,
              "column": 21
            },
            "end": {
              "line": 2,
              "column": 71
            }
          }
        ],
        "line": 2
      }
    },
    "s": {
      "0": 640,
      "1": 640,
      "2": 480,
      "3": 80,
      "4": 80,
      "5": 80,
      "6": 80,
      "7": 80,
      "8": 80,
      "9": 80,
      "10": 80,
      "11": 80
    },
    "f": {
      "0": 640
    },
    "b": {
      "0": [
        480,
        160
      ]
    },
    "inputSourceMap": {
      "version": 3,
      "file": "/home/christopher/IdeaProjects/react-discovery/packages/react-discovery-app/src/components/hit-views/index.ts",
      "sourceRoot": "/home/christopher/IdeaProjects/react-discovery/packages/react-discovery-app/",
      "sources": [
        "src/components/hit-views/index.ts"
      ],
      "names": [],
      "mappings": ";;;;AAAA,2CAAqC;AACrC,4CAAsC;AACtC,kCAA4B;AAC5B,sCAAgC;AAChC,2BAAqB;AACrB,uCAAiC;AACjC,qCAA+B;AAC/B,oCAA8B",
      "sourcesContent": [
        "export * from './DefaultHitComponent'\nexport * from './ExpandedHitComponent'\nexport * from './FieldLabel'\nexport * from './InnerHtmlValue'\nexport * from './KOD'\nexport * from './RandomThumbnail'\nexport * from './TitleIdHeader'\nexport * from './ValueDisplay'\n"
      ]
    },
    "_coverageSchema": "332fd63041d2c1bcb487cc26dd0d5f7d97098a6c",
    "hash": "14c2c5a9e228faeddf3320c7946ce515bb2f1d18"
  },
  "/home/christopher/IdeaProjects/react-discovery/packages/react-discovery-app/src/components/hit-views/DefaultHitComponent.tsx": {
    "path": "/home/christopher/IdeaProjects/react-discovery/packages/react-discovery-app/src/components/hit-views/DefaultHitComponent.tsx",
    "statementMap": {
      "0": {
        "start": {
          "line": 1,
          "column": 22
        },
        "end": {
          "line": 3,
          "column": 1
        }
      },
      "1": {
        "start": {
          "line": 2,
          "column": 4
        },
        "end": {
          "line": 2,
          "column": 62
        }
      },
      "2": {
        "start": {
          "line": 4,
          "column": 0
        },
        "end": {
          "line": 4,
          "column": 62
        }
      },
      "3": {
        "start": {
          "line": 5,
          "column": 13
        },
        "end": {
          "line": 5,
          "column": 41
        }
      },
      "4": {
        "start": {
          "line": 6,
          "column": 9
        },
        "end": {
          "line": 6,
          "column": 21
        }
      },
      "5": {
        "start": {
          "line": 7,
          "column": 14
        },
        "end": {
          "line": 7,
          "column": 47
        }
      },
      "6": {
        "start": {
          "line": 8,
          "column": 16
        },
        "end": {
          "line": 24,
          "column": 6
        }
      },
      "7": {
        "start": {
          "line": 8,
          "column": 53
        },
        "end": {
          "line": 24,
          "column": 3
        }
      },
      "8": {
        "start": {
          "line": 25,
          "column": 26
        },
        "end": {
          "line": 35,
          "column": 1
        }
      },
      "9": {
        "start": {
          "line": 26,
          "column": 18
        },
        "end": {
          "line": 26,
          "column": 31
        }
      },
      "10": {
        "start": {
          "line": 27,
          "column": 14
        },
        "end": {
          "line": 27,
          "column": 23
        }
      },
      "11": {
        "start": {
          "line": 27,
          "column": 29
        },
        "end": {
          "line": 27,
          "column": 36
        }
      },
      "12": {
        "start": {
          "line": 27,
          "column": 53
        },
        "end": {
          "line": 27,
          "column": 71
        }
      },
      "13": {
        "start": {
          "line": 28,
          "column": 4
        },
        "end": {
          "line": 34,
          "column": 14
        }
      },
      "14": {
        "start": {
          "line": 31,
          "column": 12
        },
        "end": {
          "line": 33,
          "column": 123
        }
      },
      "15": {
        "start": {
          "line": 36,
          "column": 0
        },
        "end": {
          "line": 36,
          "column": 38
        }
      }
    },
    "fnMap": {
      "0": {
        "name": "(anonymous_0)",
        "decl": {
          "start": {
            "line": 1,
            "column": 56
          },
          "end": {
            "line": 1,
            "column": 57
          }
        },
        "loc": {
          "start": {
            "line": 1,
            "column": 71
          },
          "end": {
            "line": 3,
            "column": 1
          }
        },
        "line": 1
      },
      "1": {
        "name": "(anonymous_1)",
        "decl": {
          "start": {
            "line": 8,
            "column": 34
          },
          "end": {
            "line": 8,
            "column": 35
          }
        },
        "loc": {
          "start": {
            "line": 8,
            "column": 51
          },
          "end": {
            "line": 24,
            "column": 5
          }
        },
        "line": 8
      },
      "2": {
        "name": "(anonymous_2)",
        "decl": {
          "start": {
            "line": 25,
            "column": 26
          },
          "end": {
            "line": 25,
            "column": 27
          }
        },
        "loc": {
          "start": {
            "line": 25,
            "column": 43
          },
          "end": {
            "line": 35,
            "column": 1
          }
        },
        "line": 25
      },
      "3": {
        "name": "(anonymous_3)",
        "decl": {
          "start": {
            "line": 30,
            "column": 94
          },
          "end": {
            "line": 30,
            "column": 95
          }
        },
        "loc": {
          "start": {
            "line": 30,
            "column": 116
          },
          "end": {
            "line": 34,
            "column": 9
          }
        },
        "line": 30
      }
    },
    "branchMap": {
      "0": {
        "loc": {
          "start": {
            "line": 1,
            "column": 22
          },
          "end": {
            "line": 3,
            "column": 1
          }
        },
        "type": "binary-expr",
        "locations": [
          {
            "start": {
              "line": 1,
              "column": 23
            },
            "end": {
              "line": 1,
              "column": 27
            }
          },
          {
            "start": {
              "line": 1,
              "column": 31
            },
            "end": {
              "line": 1,
              "column": 51
            }
          },
          {
            "start": {
              "line": 1,
              "column": 56
            },
            "end": {
              "line": 3,
              "column": 1
            }
          }
        ],
        "line": 1
      },
      "1": {
        "loc": {
          "start": {
            "line": 2,
            "column": 11
          },
          "end": {
            "line": 2,
            "column": 61
          }
        },
        "type": "cond-expr",
        "locations": [
          {
            "start": {
              "line": 2,
              "column": 37
            },
            "end": {
              "line": 2,
              "column": 40
            }
          },
          {
            "start": {
              "line": 2,
              "column": 43
            },
            "end": {
              "line": 2,
              "column": 61
            }
          }
        ],
        "line": 2
      },
      "2": {
        "loc": {
          "start": {
            "line": 2,
            "column": 12
          },
          "end": {
            "line": 2,
            "column": 33
          }
        },
        "type": "binary-expr",
        "locations": [
          {
            "start": {
              "line": 2,
              "column": 12
            },
            "end": {
              "line": 2,
              "column": 15
            }
          },
          {
            "start": {
              "line": 2,
              "column": 19
            },
            "end": {
              "line": 2,
              "column": 33
            }
          }
        ],
        "line": 2
      }
    },
    "s": {
      "0": 80,
      "1": 80,
      "2": 80,
      "3": 80,
      "4": 80,
      "5": 80,
      "6": 80,
      "7": 0,
      "8": 80,
      "9": 0,
      "10": 0,
      "11": 0,
      "12": 0,
      "13": 0,
      "14": 0,
      "15": 80
    },
    "f": {
      "0": 80,
      "1": 0,
      "2": 0,
      "3": 0
    },
    "b": {
      "0": [
        80,
        80,
        80
      ],
      "1": [
        0,
        80
      ],
      "2": [
        80,
        80
      ]
    },
    "inputSourceMap": {
      "version": 3,
      "file": "/home/christopher/IdeaProjects/react-discovery/packages/react-discovery-app/src/components/hit-views/DefaultHitComponent.tsx",
      "sourceRoot": "/home/christopher/IdeaProjects/react-discovery/packages/react-discovery-app/",
      "sources": [
        "src/components/hit-views/DefaultHitComponent.tsx"
      ],
      "names": [],
      "mappings": ";;;;AAAA,0CAA+D;AAC/D,sBAA2D;AAC3D,gDAAyC;AAUzC,IAAM,SAAS,GAAG,iBAAU,CAAC,UAAC,KAAK,IAAU,OAAA,CAAC;IAC5C,OAAO,EAAE;QACP,OAAO,EAAE,MAAM;QACf,IAAI,EAAE,UAAU;QAChB,OAAO,EAAE,CAAC;KACX;IACD,OAAO,EAAE;QACP,OAAO,EAAE,MAAM;QACf,aAAa,EAAE,QAAQ;QACvB,OAAO,EAAE,MAAM;KAChB;IACD,IAAI,EAAE;QACJ,eAAe,EAAE,KAAK,CAAC,OAAO,CAAC,UAAU,CAAC,KAAK;QAC/C,OAAO,EAAE,MAAM;QACf,YAAY,EAAE,KAAK;KACpB;CACF,CAAC,EAhB2C,CAgB3C,CAAC,CAAC;AAEJ,IAAM,mBAAmB,GAAoC,UAAC,KAA4B;IACxF,IAAM,OAAO,GAAQ,SAAS,CAAC,EAAE,CAAC,CAAA;IAC3B,IAAA,eAAG,EAAE,WAAC,EAAE,iCAAY,CAAS;IAEpC,OAAO,CACL,8BAAC,WAAI,IAAC,SAAS,EAAE,OAAO,CAAC,IAAI,EAAE,GAAG,EAAE,CAAC;QACnC,8BAAC,kBAAe,OAAE;QAClB,uCAAK,SAAS,EAAE,OAAO,CAAC,OAAO,IAC5B,YAAY,CAAC,GAAG,CAAC,UAAC,KAAK,EAAE,GAAG;YAC3B,OAAA,8BAAC,kBAAW,IACV,SAAS,EAAE,OAAO,CAAC,OAAO,EAC1B,GAAG,EAAE,GAAG;gBAER,8BAAC,aAAU,IAAC,KAAK,EAAE,KAAK,CAAC,KAAK,GAAG;gBACjC,8BAAC,eAAY,IAAC,KAAK,EAAE,KAAK,CAAC,KAAK,EAAE,GAAG,EAAE,GAAG,EAAE,KAAK,EAAE,EAAC,IAAI,EAAE,MAAM,EAAC,GAAG,CACxD;QANd,CAMc,CAAC,CACb,CACD,CACR,CAAA;AACH,CAAC,CAAA;AAED,kBAAe,mBAAmB,CAAA",
      "sourcesContent": [
        "import {Card, CardContent, makeStyles} from \"@material-ui/core\"\nimport {FieldLabel, RandomThumbnail, ValueDisplay} from '.'\nimport React, {ReactElement} from \"react\"\nimport {IHit} from \"@react-discovery/solr\"\n\ninterface IDefaultItemComponent {\n  classes: any;\n  hit: IHit;\n  i: number;\n  searchFields: any;\n}\n\nconst useStyles = makeStyles((theme): any => ({\n  content: {\n    display: 'flex',\n    flex: '1 0 auto',\n    padding: 0,\n  },\n  details: {\n    display: 'flex',\n    flexDirection: 'column',\n    padding: '20px'\n  },\n  root: {\n    backgroundColor: theme.palette.background.paper,\n    display: 'flex',\n    marginBottom: '5px',\n  },\n}));\n\nconst DefaultHitComponent: React.FC<IDefaultItemComponent> = (props: IDefaultItemComponent): ReactElement => {\n  const classes: any = useStyles({})\n  const {hit, i, searchFields} = props\n\n  return (\n    <Card className={classes.root} key={i}>\n      <RandomThumbnail/>\n      <div className={classes.details}>\n        {searchFields.map((field, key): ReactElement =>\n          <CardContent\n            className={classes.content}\n            key={key}\n          >\n            <FieldLabel label={field.label}/>\n            <ValueDisplay field={field.field} hit={hit} style={{flex: 'auto'}}/>\n          </CardContent>)}\n      </div>\n    </Card>\n  )\n}\n\nexport default DefaultHitComponent\n"
      ]
    },
    "_coverageSchema": "332fd63041d2c1bcb487cc26dd0d5f7d97098a6c",
    "hash": "761e5312c7c5921cd973530fa3fdd05243711073"
  },
  "/home/christopher/IdeaProjects/react-discovery/packages/react-discovery-app/src/components/hit-views/ExpandedHitComponent.tsx": {
    "path": "/home/christopher/IdeaProjects/react-discovery/packages/react-discovery-app/src/components/hit-views/ExpandedHitComponent.tsx",
    "statementMap": {
      "0": {
        "start": {
          "line": 1,
          "column": 22
        },
        "end": {
          "line": 3,
          "column": 1
        }
      },
      "1": {
        "start": {
          "line": 2,
          "column": 4
        },
        "end": {
          "line": 2,
          "column": 62
        }
      },
      "2": {
        "start": {
          "line": 4,
          "column": 0
        },
        "end": {
          "line": 4,
          "column": 62
        }
      },
      "3": {
        "start": {
          "line": 5,
          "column": 13
        },
        "end": {
          "line": 5,
          "column": 41
        }
      },
      "4": {
        "start": {
          "line": 6,
          "column": 9
        },
        "end": {
          "line": 6,
          "column": 21
        }
      },
      "5": {
        "start": {
          "line": 7,
          "column": 14
        },
        "end": {
          "line": 7,
          "column": 47
        }
      },
      "6": {
        "start": {
          "line": 8,
          "column": 16
        },
        "end": {
          "line": 27,
          "column": 6
        }
      },
      "7": {
        "start": {
          "line": 8,
          "column": 53
        },
        "end": {
          "line": 27,
          "column": 3
        }
      },
      "8": {
        "start": {
          "line": 28,
          "column": 27
        },
        "end": {
          "line": 38,
          "column": 1
        }
      },
      "9": {
        "start": {
          "line": 29,
          "column": 18
        },
        "end": {
          "line": 29,
          "column": 31
        }
      },
      "10": {
        "start": {
          "line": 30,
          "column": 14
        },
        "end": {
          "line": 30,
          "column": 23
        }
      },
      "11": {
        "start": {
          "line": 30,
          "column": 29
        },
        "end": {
          "line": 30,
          "column": 36
        }
      },
      "12": {
        "start": {
          "line": 30,
          "column": 53
        },
        "end": {
          "line": 30,
          "column": 71
        }
      },
      "13": {
        "start": {
          "line": 31,
          "column": 4
        },
        "end": {
          "line": 37,
          "column": 14
        }
      },
      "14": {
        "start": {
          "line": 34,
          "column": 12
        },
        "end": {
          "line": 36,
          "column": 123
        }
      },
      "15": {
        "start": {
          "line": 39,
          "column": 0
        },
        "end": {
          "line": 39,
          "column": 39
        }
      }
    },
    "fnMap": {
      "0": {
        "name": "(anonymous_0)",
        "decl": {
          "start": {
            "line": 1,
            "column": 56
          },
          "end": {
            "line": 1,
            "column": 57
          }
        },
        "loc": {
          "start": {
            "line": 1,
            "column": 71
          },
          "end": {
            "line": 3,
            "column": 1
          }
        },
        "line": 1
      },
      "1": {
        "name": "(anonymous_1)",
        "decl": {
          "start": {
            "line": 8,
            "column": 34
          },
          "end": {
            "line": 8,
            "column": 35
          }
        },
        "loc": {
          "start": {
            "line": 8,
            "column": 51
          },
          "end": {
            "line": 27,
            "column": 5
          }
        },
        "line": 8
      },
      "2": {
        "name": "(anonymous_2)",
        "decl": {
          "start": {
            "line": 28,
            "column": 27
          },
          "end": {
            "line": 28,
            "column": 28
          }
        },
        "loc": {
          "start": {
            "line": 28,
            "column": 44
          },
          "end": {
            "line": 38,
            "column": 1
          }
        },
        "line": 28
      },
      "3": {
        "name": "(anonymous_3)",
        "decl": {
          "start": {
            "line": 33,
            "column": 94
          },
          "end": {
            "line": 33,
            "column": 95
          }
        },
        "loc": {
          "start": {
            "line": 33,
            "column": 116
          },
          "end": {
            "line": 37,
            "column": 9
          }
        },
        "line": 33
      }
    },
    "branchMap": {
      "0": {
        "loc": {
          "start": {
            "line": 1,
            "column": 22
          },
          "end": {
            "line": 3,
            "column": 1
          }
        },
        "type": "binary-expr",
        "locations": [
          {
            "start": {
              "line": 1,
              "column": 23
            },
            "end": {
              "line": 1,
              "column": 27
            }
          },
          {
            "start": {
              "line": 1,
              "column": 31
            },
            "end": {
              "line": 1,
              "column": 51
            }
          },
          {
            "start": {
              "line": 1,
              "column": 56
            },
            "end": {
              "line": 3,
              "column": 1
            }
          }
        ],
        "line": 1
      },
      "1": {
        "loc": {
          "start": {
            "line": 2,
            "column": 11
          },
          "end": {
            "line": 2,
            "column": 61
          }
        },
        "type": "cond-expr",
        "locations": [
          {
            "start": {
              "line": 2,
              "column": 37
            },
            "end": {
              "line": 2,
              "column": 40
            }
          },
          {
            "start": {
              "line": 2,
              "column": 43
            },
            "end": {
              "line": 2,
              "column": 61
            }
          }
        ],
        "line": 2
      },
      "2": {
        "loc": {
          "start": {
            "line": 2,
            "column": 12
          },
          "end": {
            "line": 2,
            "column": 33
          }
        },
        "type": "binary-expr",
        "locations": [
          {
            "start": {
              "line": 2,
              "column": 12
            },
            "end": {
              "line": 2,
              "column": 15
            }
          },
          {
            "start": {
              "line": 2,
              "column": 19
            },
            "end": {
              "line": 2,
              "column": 33
            }
          }
        ],
        "line": 2
      }
    },
    "s": {
      "0": 80,
      "1": 80,
      "2": 80,
      "3": 80,
      "4": 80,
      "5": 80,
      "6": 80,
      "7": 0,
      "8": 80,
      "9": 0,
      "10": 0,
      "11": 0,
      "12": 0,
      "13": 0,
      "14": 0,
      "15": 80
    },
    "f": {
      "0": 80,
      "1": 0,
      "2": 0,
      "3": 0
    },
    "b": {
      "0": [
        80,
        80,
        80
      ],
      "1": [
        0,
        80
      ],
      "2": [
        80,
        80
      ]
    },
    "inputSourceMap": {
      "version": 3,
      "file": "/home/christopher/IdeaProjects/react-discovery/packages/react-discovery-app/src/components/hit-views/ExpandedHitComponent.tsx",
      "sourceRoot": "/home/christopher/IdeaProjects/react-discovery/packages/react-discovery-app/",
      "sources": [
        "src/components/hit-views/ExpandedHitComponent.tsx"
      ],
      "names": [],
      "mappings": ";;;;AAAA,0CAA+D;AAC/D,sBAA2D;AAC3D,gDAAyC;AAUzC,IAAM,SAAS,GAAG,iBAAU,CAAC,UAAC,KAAK,IAAU,OAAA,CAAC;IAC5C,OAAO,EAAE;QACP,OAAO,EAAE,MAAM;QACf,IAAI,EAAE,UAAU;QAChB,OAAO,EAAE,CAAC;KACX;IACD,OAAO,EAAE;QACP,OAAO,EAAE,MAAM;QACf,aAAa,EAAE,QAAQ;QACvB,OAAO,EAAE,MAAM;KAChB;IACD,MAAM,EAAE;QACN,OAAO,EAAE,QAAQ;KAClB;IACD,IAAI,EAAE;QACJ,eAAe,EAAE,KAAK,CAAC,OAAO,CAAC,UAAU,CAAC,KAAK;QAC/C,OAAO,EAAE,WAAW;QACpB,YAAY,EAAE,KAAK;KACpB;CACF,CAAC,EAnB2C,CAmB3C,CAAC,CAAC;AAEJ,IAAM,oBAAoB,GAAoC,UAAC,KAAK;IAClE,IAAM,OAAO,GAAQ,SAAS,CAAC,EAAE,CAAC,CAAA;IAC3B,IAAA,eAAG,EAAE,WAAC,EAAE,iCAAY,CAAS;IAEpC,OAAO,CACL,8BAAC,WAAI,IAAC,SAAS,EAAE,OAAO,CAAC,IAAI,EAAE,GAAG,EAAE,CAAC;QACnC,8BAAC,kBAAe,OAAE;QAClB,uCAAK,SAAS,EAAE,OAAO,CAAC,OAAO,IAC5B,YAAY,CAAC,GAAG,CAAC,UAAC,KAAK,EAAE,GAAG;YAC3B,OAAA,8BAAC,kBAAW,IACV,SAAS,EAAE,OAAO,CAAC,OAAO,EAC1B,GAAG,EAAE,GAAG;gBAER,8BAAC,aAAU,IAAC,KAAK,EAAE,KAAK,CAAC,KAAK,GAAG;gBACjC,8BAAC,eAAY,IAAC,KAAK,EAAE,KAAK,CAAC,KAAK,EAAE,GAAG,EAAE,GAAG,EAAE,KAAK,EAAE,EAAC,IAAI,EAAE,MAAM,EAAC,GAAG,CACxD;QANd,CAMc,CAAC,CACb,CACD,CACR,CAAA;AACH,CAAC,CAAA;AAED,kBAAe,oBAAoB,CAAA",
      "sourcesContent": [
        "import {Card, CardContent, makeStyles} from \"@material-ui/core\"\nimport {FieldLabel, RandomThumbnail, ValueDisplay} from '.'\nimport React, {ReactElement} from \"react\"\nimport {IHit} from \"@react-discovery/solr\"\n\ninterface IExpandedHitComponent {\n  classes: any;\n  hit: IHit;\n  i: number;\n  searchFields: any;\n}\n\nconst useStyles = makeStyles((theme): any => ({\n  content: {\n    display: 'flex',\n    flex: '1 0 auto',\n    padding: 0,\n  },\n  details: {\n    display: 'flex',\n    flexDirection: 'column',\n    padding: '20px'\n  },\n  inline: {\n    display: 'inline',\n  },\n  root: {\n    backgroundColor: theme.palette.background.paper,\n    display: 'flex-root',\n    marginBottom: '5px',\n  },\n}));\n\nconst ExpandedHitComponent: React.FC<IExpandedHitComponent> = (props): ReactElement => {\n  const classes: any = useStyles({})\n  const {hit, i, searchFields} = props\n\n  return (\n    <Card className={classes.root} key={i}>\n      <RandomThumbnail/>\n      <div className={classes.details}>\n        {searchFields.map((field, key): ReactElement =>\n          <CardContent\n            className={classes.content}\n            key={key}\n          >\n            <FieldLabel label={field.label}/>\n            <ValueDisplay field={field.field} hit={hit} style={{flex: 'auto'}}/>\n          </CardContent>)}\n      </div>\n    </Card>\n  )\n}\n\nexport default ExpandedHitComponent\n"
      ]
    },
    "_coverageSchema": "332fd63041d2c1bcb487cc26dd0d5f7d97098a6c",
    "hash": "ddc344e6c9516834a0d348d22edc84a58ad37e36"
  },
  "/home/christopher/IdeaProjects/react-discovery/packages/react-discovery-app/src/components/hit-views/FieldLabel.tsx": {
    "path": "/home/christopher/IdeaProjects/react-discovery/packages/react-discovery-app/src/components/hit-views/FieldLabel.tsx",
    "statementMap": {
      "0": {
        "start": {
          "line": 1,
          "column": 22
        },
        "end": {
          "line": 3,
          "column": 1
        }
      },
      "1": {
        "start": {
          "line": 2,
          "column": 4
        },
        "end": {
          "line": 2,
          "column": 62
        }
      },
      "2": {
        "start": {
          "line": 4,
          "column": 0
        },
        "end": {
          "line": 4,
          "column": 62
        }
      },
      "3": {
        "start": {
          "line": 5,
          "column": 14
        },
        "end": {
          "line": 5,
          "column": 47
        }
      },
      "4": {
        "start": {
          "line": 6,
          "column": 13
        },
        "end": {
          "line": 6,
          "column": 41
        }
      },
      "5": {
        "start": {
          "line": 7,
          "column": 22
        },
        "end": {
          "line": 7,
          "column": 46
        }
      },
      "6": {
        "start": {
          "line": 8,
          "column": 0
        },
        "end": {
          "line": 13,
          "column": 2
        }
      },
      "7": {
        "start": {
          "line": 9,
          "column": 12
        },
        "end": {
          "line": 9,
          "column": 53
        }
      },
      "8": {
        "start": {
          "line": 10,
          "column": 16
        },
        "end": {
          "line": 10,
          "column": 27
        }
      },
      "9": {
        "start": {
          "line": 11,
          "column": 4
        },
        "end": {
          "line": 12,
          "column": 92
        }
      }
    },
    "fnMap": {
      "0": {
        "name": "(anonymous_0)",
        "decl": {
          "start": {
            "line": 1,
            "column": 56
          },
          "end": {
            "line": 1,
            "column": 57
          }
        },
        "loc": {
          "start": {
            "line": 1,
            "column": 71
          },
          "end": {
            "line": 3,
            "column": 1
          }
        },
        "line": 1
      },
      "1": {
        "name": "(anonymous_1)",
        "decl": {
          "start": {
            "line": 8,
            "column": 21
          },
          "end": {
            "line": 8,
            "column": 22
          }
        },
        "loc": {
          "start": {
            "line": 8,
            "column": 38
          },
          "end": {
            "line": 13,
            "column": 1
          }
        },
[...]
            "line": 31,
            "column": 20
          },
          "end": {
            "line": 31,
            "column": 21
          }
        },
        "loc": {
          "start": {
            "line": 31,
            "column": 32
          },
          "end": {
            "line": 33,
            "column": 5
          }
        },
        "line": 31
      },
      "5": {
        "name": "(anonymous_5)",
        "decl": {
          "start": {
            "line": 32,
            "column": 28
          },
          "end": {
            "line": 32,
            "column": 29
          }
        },
        "loc": {
          "start": {
            "line": 32,
            "column": 45
          },
          "end": {
            "line": 32,
            "column": 131
          }
        },
        "line": 32
      }
    },
    "branchMap": {
      "0": {
        "loc": {
          "start": {
            "line": 1,
            "column": 22
          },
          "end": {
            "line": 3,
            "column": 1
          }
        },
        "type": "binary-expr",
        "locations": [
          {
            "start": {
              "line": 1,
              "column": 23
            },
            "end": {
              "line": 1,
              "column": 27
            }
          },
          {
            "start": {
              "line": 1,
              "column": 31
            },
            "end": {
              "line": 1,
              "column": 51
            }
          },
          {
            "start": {
              "line": 1,
              "column": 56
            },
            "end": {
              "line": 3,
              "column": 1
            }
          }
        ],
        "line": 1
      },
      "1": {
        "loc": {
          "start": {
            "line": 2,
            "column": 11
          },
          "end": {
            "line": 2,
            "column": 61
          }
        },
        "type": "cond-expr",
        "locations": [
          {
            "start": {
              "line": 2,
              "column": 37
            },
            "end": {
              "line": 2,
              "column": 40
            }
          },
          {
            "start": {
              "line": 2,
              "column": 43
            },
            "end": {
              "line": 2,
              "column": 61
            }
          }
        ],
        "line": 2
      },
      "2": {
        "loc": {
          "start": {
            "line": 2,
            "column": 12
          },
          "end": {
            "line": 2,
            "column": 33
          }
        },
        "type": "binary-expr",
        "locations": [
          {
            "start": {
              "line": 2,
              "column": 12
            },
            "end": {
              "line": 2,
              "column": 15
            }
          },
          {
            "start": {
              "line": 2,
              "column": 19
            },
            "end": {
              "line": 2,
              "column": 33
            }
          }
        ],
        "line": 2
      },
      "3": {
        "loc": {
          "start": {
            "line": 34,
            "column": 11
          },
          "end": {
            "line": 36,
            "column": 184
          }
        },
        "type": "cond-expr",
        "locations": [
          {
            "start": {
              "line": 34,
              "column": 23
            },
            "end": {
              "line": 36,
              "column": 176
            }
          },
          {
            "start": {
              "line": 36,
              "column": 180
            },
            "end": {
              "line": 36,
              "column": 184
            }
          }
        ],
        "line": 34
      }
    },
    "s": {
      "0": 80,
      "1": 80,
      "2": 80,
      "3": 80,
      "4": 80,
      "5": 80,
      "6": 80,
      "7": 80,
      "8": 79,
      "9": 80,
      "10": 287,
      "11": 287,
      "12": 287,
      "13": 287,
      "14": 287,
      "15": 287,
      "16": 287,
      "17": 287,
      "18": 287,
      "19": 0,
      "20": 0,
      "21": 0,
      "22": 0,
      "23": 0,
      "24": 0,
      "25": 0,
      "26": 287,
      "27": 287,
      "28": 1435,
      "29": 287
    },
    "f": {
      "0": 80,
      "1": 79,
      "2": 287,
      "3": 0,
      "4": 287,
      "5": 1435
    },
    "b": {
      "0": [
        80,
        80,
        80
      ],
      "1": [
        0,
        80
      ],
      "2": [
        80,
        80
      ],
      "3": [
        287,
        0
      ]
    },
    "inputSourceMap": {
      "version": 3,
      "file": "/home/christopher/IdeaProjects/react-discovery/packages/react-discovery-app/src/components/TabsAppBar.tsx",
      "sourceRoot": "/home/christopher/IdeaProjects/react-discovery/packages/react-discovery-app/",
      "sources": [
        "src/components/TabsAppBar.tsx"
      ],
      "names": [],
      "mappings": ";;;;AAAA,0CAAwE;AACxE,gDAAyC;AACzC,8CAO8B;AAC9B,2CAAuC;AAEvC,IAAM,SAAS,GAAG,iBAAU,CAAC,UAAC,KAAY,IAAU,OAAA,CAAC;IACnD,IAAI,EAAE;QACJ,eAAe,EAAE,KAAK,CAAC,OAAO,CAAC,UAAU,CAAC,KAAK;QAC/C,KAAK,EAAE,MAAM;KACd;CACF,CAAC,EALkD,CAKlD,CAAC,CAAA;AAEU,QAAA,UAAU,GAAkB;IACvC,IAAM,OAAO,GAAQ,SAAS,CAAC,EAAE,CAAC,CAAA;IAClC,IAAM,QAAQ,GAAG,yBAAW,EAAE,CAAA;IAC9B,IAAM,QAAQ,GAAG,kBAAW,EAAE,CAAA;IAC9B,IAAM,WAAW,GAAG,qBAAc,EAAE,CAAA;IAC9B,IAAA,gCAAqC,EAApC,aAAK,EAAE,gBAA6B,CAAA;IAE3C,IAAM,UAAU,GAAG,QAAQ,CAAA;IAE3B,IAAM,YAAY,GAAG,UAAC,EAAyB,EAAE,QAAgB;QAC/D,IAAM,UAAU,GAAG,QAAQ,CAAC,QAAQ,CAAC,CAAA;QACrC,IAAM,UAAU,GAAG,KAAK,CAAC,EAAE,CAAC,UAAU,CAAC,CAAA;QACvC,QAAQ,CAAC,iBAAU,CAAC,EAAC,WAAW,aAAA,EAAE,OAAO,EAAE,KAAK,EAAC,CAAC,CAAC,CAAA;QACnD,QAAQ,CAAC,yBAAkB,CAAC,EAAC,KAAK,EAAE,UAAU,EAAE,OAAO,EAAE,UAAU,EAAC,CAAC,CAAC,CAAA;QACtE,QAAQ,CAAC,wBAAiB,CAAC,EAAC,cAAc,EAAE,KAAK,EAAC,CAAC,CAAC,CAAA;QACpD,QAAQ,CAAC,eAAQ,CAAC,EAAC,KAAK,EAAE,CAAC,EAAC,CAAC,CAAC,CAAA;QAC9B,QAAQ,CAAC,QAAQ,CAAC,CAAA;IACpB,CAAC,CAAA;IACD,IAAM,SAAS,GAAG;QAChB,OAAO,QAAQ,CAAC,GAAG,CAAC,UAAC,EAAE,EAAE,CAAC,IAAmB,OAAA,8BAAC,UAAG,IAAC,IAAI,EAAC,EAAE,EAAC,GAAG,EAAE,CAAC,EAAE,KAAK,EAAE,EAAE,GAAI,EAAlC,CAAkC,CAAC,CAAA;IAClF,CAAC,CAAA;IAED,OAAO,QAAQ,CAAC,CAAC,CAAC,CAChB,uCAAK,SAAS,EAAE,OAAO,CAAC,IAAI;QAC1B,8BAAC,aAAM,IAAC,KAAK,EAAC,SAAS,EAAC,QAAQ,EAAC,QAAQ;YACvC,8BAAC,WAAI,IACH,QAAQ,QACR,cAAc,EAAC,SAAS,EACxB,QAAQ,EAAE,YAAY,EACtB,SAAS,EAAC,SAAS,EACnB,KAAK,EAAE,KAAK,IAEX,SAAS,EAAE,CACP,CACA,CACL,CACP,CAAC,CAAC,CAAC,IAAI,CAAA;AACV,CAAC,CAAA",
      "sourcesContent": [
        "import {AppBar, Tab, Tabs, Theme, makeStyles, } from '@material-ui/core'\nimport React, {ReactElement} from 'react'\nimport {\n  getDocTypes,\n  getStringInput,\n  setIsViewExpanded,\n  setSelectedFilters,\n  setStart,\n  setSuggest\n} from \"@react-discovery/solr\"\nimport {useDispatch} from \"react-redux\"\n\nconst useStyles = makeStyles((theme: Theme): any => ({\n  root: {\n    backgroundColor: theme.palette.background.paper,\n    width: '100%',\n  },\n}))\n\nexport const TabsAppBar: React.FC<any> = (): ReactElement => {\n  const classes: any = useStyles({})\n  const dispatch = useDispatch()\n  const docTypes = getDocTypes()\n  const stringInput = getStringInput()\n  const [value, setValue] = React.useState(0)\n\n  const TYPE_FIELD = 'type_s'\n\n  const handleChange = ({}: React.ChangeEvent<{}>, newValue: number): void => {\n    const typeString = docTypes[newValue]\n    const newFilters = Array.of(typeString)\n    dispatch(setSuggest({stringInput, suggest: false}))\n    dispatch(setSelectedFilters({field: TYPE_FIELD, filters: newFilters}))\n    dispatch(setIsViewExpanded({isViewExpanded: false}))\n    dispatch(setStart({start: 0}))\n    setValue(newValue)\n  }\n  const buildTabs = (): ReactElement[] => {\n    return docTypes.map((ft, i): ReactElement => <Tab href='' key={i} label={ft} />)\n  }\n\n  return docTypes ? (\n    <div className={classes.root}>\n      <AppBar color=\"default\" position=\"static\">\n        <Tabs\n          centered\n          indicatorColor=\"primary\"\n          onChange={handleChange}\n          textColor=\"primary\"\n          value={value}\n        >\n          {buildTabs()}\n        </Tabs>\n      </AppBar>\n    </div>\n  ) : null\n}\n\n"
      ]
    },
    "_coverageSchema": "332fd63041d2c1bcb487cc26dd0d5f7d97098a6c",
    "hash": "f7c8005fd8971b134553f3f47e38a30b6b47fb59"
  },
  "/home/christopher/IdeaProjects/react-discovery/packages/react-discovery-app/src/components/ViewSwitcherToggle.tsx": {
    "path": "/home/christopher/IdeaProjects/react-discovery/packages/react-discovery-app/src/components/ViewSwitcherToggle.tsx",
    "statementMap": {
      "0": {
        "start": {
          "line": 1,
          "column": 22
        },
        "end": {
          "line": 3,
          "column": 1
        }
      },
      "1": {
        "start": {
          "line": 2,
          "column": 4
        },
        "end": {
          "line": 2,
          "column": 62
        }
      },
      "2": {
        "start": {
          "line": 4,
          "column": 0
        },
        "end": {
          "line": 4,
          "column": 62
        }
      },
      "3": {
        "start": {
          "line": 5,
          "column": 13
        },
        "end": {
          "line": 5,
          "column": 41
        }
      },
      "4": {
        "start": {
          "line": 6,
          "column": 14
        },
        "end": {
          "line": 6,
          "column": 47
        }
      },
      "5": {
        "start": {
          "line": 7,
          "column": 13
        },
        "end": {
          "line": 7,
          "column": 45
        }
      },
      "6": {
        "start": {
          "line": 8,
          "column": 20
        },
        "end": {
          "line": 8,
          "column": 42
        }
      },
      "7": {
        "start": {
          "line": 9,
          "column": 22
        },
        "end": {
          "line": 9,
          "column": 46
        }
      },
      "8": {
        "start": {
          "line": 10,
          "column": 16
        },
        "end": {
          "line": 23,
          "column": 6
        }
      },
      "9": {
        "start": {
          "line": 10,
          "column": 53
        },
        "end": {
          "line": 23,
          "column": 3
        }
      },
      "10": {
        "start": {
          "line": 24,
          "column": 0
        },
        "end": {
          "line": 34,
          "column": 2
        }
      },
      "11": {
        "start": {
          "line": 25,
          "column": 12
        },
        "end": {
          "line": 25,
          "column": 46
        }
      },
      "12": {
        "start": {
          "line": 26,
          "column": 18
        },
        "end": {
          "line": 26,
          "column": 31
        }
      },
      "13": {
        "start": {
          "line": 27,
          "column": 19
        },
        "end": {
          "line": 27,
          "column": 46
        }
      },
      "14": {
        "start": {
          "line": 28,
          "column": 25
        },
        "end": {
          "line": 28,
          "column": 51
        }
      },
      "15": {
        "start": {
          "line": 29,
          "column": 23
        },
        "end": {
          "line": 31,
          "column": 5
        }
      },
      "16": {
        "start": {
          "line": 30,
          "column": 8
        },
        "end": {
          "line": 30,
          "column": 79
        }
      },
      "17": {
        "start": {
          "line": 32,
          "column": 4
        },
        "end": {
          "line": 33,
          "column": 279
        }
      },
      "18": {
        "start": {
          "line": 33,
          "column": 188
        },
        "end": {
          "line": 33,
          "column": 225
        }
      }
    },
    "fnMap": {
      "0": {
        "name": "(anonymous_0)",
        "decl": {
          "start": {
            "line": 1,
            "column": 56
          },
          "end": {
            "line": 1,
            "column": 57
          }
        },
        "loc": {
          "start": {
            "line": 1,
            "column": 71
          },
          "end": {
            "line": 3,
            "column": 1
          }
        },
        "line": 1
      },
      "1": {
        "name": "(anonymous_1)",
        "decl": {
          "start": {
            "line": 10,
            "column": 34
          },
          "end": {
            "line": 10,
            "column": 35
          }
        },
        "loc": {
          "start": {
            "line": 10,
            "column": 51
          },
          "end": {
            "line": 23,
            "column": 5
          }
        },
        "line": 10
      },
      "2": {
        "name": "(anonymous_2)",
        "decl": {
          "start": {
            "line": 24,
            "column": 29
          },
          "end": {
            "line": 24,
            "column": 30
          }
        },
        "loc": {
          "start": {
            "line": 24,
            "column": 41
          },
          "end": {
            "line": 34,
            "column": 1
          }
        },
        "line": 24
      },
      "3": {
        "name": "(anonymous_3)",
        "decl": {
          "start": {
            "line": 29,
            "column": 23
          },
          "end": {
            "line": 29,
            "column": 24
          }
        },
        "loc": {
          "start": {
            "line": 29,
            "column": 49
          },
          "end": {
            "line": 31,
            "column": 5
          }
        },
        "line": 29
      },
      "4": {
        "name": "(anonymous_4)",
        "decl": {
          "start": {
            "line": 33,
            "column": 174
          },
          "end": {
            "line": 33,
            "column": 175
          }
        },
        "loc": {
          "start": {
            "line": 33,
            "column": 186
          },
          "end": {
            "line": 33,
            "column": 227
          }
        },
        "line": 33
      }
    },
    "branchMap": {
      "0": {
        "loc": {
          "start": {
            "line": 1,
            "column": 22
          },
          "end": {
            "line": 3,
            "column": 1
          }
        },
        "type": "binary-expr",
        "locations": [
          {
            "start": {
              "line": 1,
              "column": 23
            },
            "end": {
              "line": 1,
              "column": 27
            }
          },
          {
            "start": {
              "line": 1,
              "column": 31
            },
            "end": {
              "line": 1,
              "column": 51
            }
          },
          {
            "start": {
              "line": 1,
              "column": 56
            },
            "end": {
              "line": 3,
              "column": 1
            }
          }
        ],
        "line": 1
      },
      "1": {
        "loc": {
          "start": {
            "line": 2,
            "column": 11
          },
          "end": {
            "line": 2,
            "column": 61
          }
        },
        "type": "cond-expr",
        "locations": [
          {
            "start": {
              "line": 2,
              "column": 37
            },
            "end": {
              "line": 2,
              "column": 40
            }
          },
          {
            "start": {
              "line": 2,
              "column": 43
            },
            "end": {
              "line": 2,
              "column": 61
            }
          }
        ],
        "line": 2
      },
      "2": {
        "loc": {
          "start": {
            "line": 2,
            "column": 12
          },
          "end": {
            "line": 2,
            "column": 33
          }
        },
        "type": "binary-expr",
        "locations": [
          {
            "start": {
              "line": 2,
              "column": 12
            },
            "end": {
              "line": 2,
              "column": 15
            }
          },
          {
            "start": {
              "line": 2,
              "column": 19
            },
            "end": {
              "line": 2,
              "column": 33
            }
          }
        ],
        "line": 2
      }
    },
    "s": {
      "0": 80,
      "1": 80,
      "2": 80,
      "3": 80,
      "4": 80,
      "5": 80,
      "6": 80,
      "7": 80,
      "8": 80,
      "9": 80,
      "10": 80,
      "11": 303,
      "12": 303,
      "13": 303,
      "14": 303,
      "15": 303,
      "16": 0,
      "17": 303,
      "18": 0
    },
    "f": {
      "0": 80,
      "1": 80,
      "2": 303,
      "3": 0,
      "4": 0
    },
    "b": {
      "0": [
        80,
        80,
        80
      ],
      "1": [
        0,
        80
      ],
      "2": [
        80,
        80
      ]
    },
    "inputSourceMap": {
      "version": 3,
      "file": "/home/christopher/IdeaProjects/react-discovery/packages/react-discovery-app/src/components/ViewSwitcherToggle.tsx",
      "sourceRoot": "/home/christopher/IdeaProjects/react-discovery/packages/react-discovery-app/",
      "sources": [
        "src/components/ViewSwitcherToggle.tsx"
      ],
      "names": [],
      "mappings": ";;;;AAAA,0CAAmF;AACnF,gDAAyC;AACzC,8CAA0E;AAC1E,2CAAuC;AACvC,+CAA4C;AAE5C,IAAM,SAAS,GAAG,iBAAU,CAAC,UAAC,KAAK,IAAU,OAAA,CAAC;IAC5C,WAAW,EAAE;QACX,cAAc,EAAE,QAAQ;QACxB,MAAM,EAAE,KAAK,CAAC,OAAO,CAAC,CAAC,CAAC;QACxB,QAAQ,EAAE,GAAG;KACd;IACD,IAAI,EAAE;QACJ,OAAO,EAAE,MAAM;QACf,QAAQ,EAAE,MAAM;KACjB;IACD,WAAW,EAAE;QACX,SAAS,EAAE,KAAK,CAAC,OAAO,CAAC,CAAC,CAAC;KAC5B;CACF,CAAC,EAb2C,CAa3C,CAAC,CAAC;AAES,QAAA,kBAAkB,GAAkB;IACxC,IAAA,sCAAC,CAAoB;IAC5B,IAAM,OAAO,GAAQ,SAAS,CAAC,EAAE,CAAC,CAAC;IACnC,IAAM,QAAQ,GAAG,yBAAW,EAAE,CAAA;IAC9B,IAAM,cAAc,GAAG,wBAAiB,EAAE,CAAA;IAE1C,IAAM,YAAY,GAAG,UAAC,cAAc;QAClC,QAAQ,CAAC,wBAAiB,CAAC,EAAC,cAAc,gBAAA,EAAC,CAAC,CAAC,CAAA;IAC/C,CAAC,CAAA;IAED,OAAO,CACL,8BAAC,kBAAW,IACV,SAAS,EAAE,OAAO,CAAC,WAAW,EAC9B,SAAS,EAAC,KAAK;QAEf,8BAAC,uBAAgB,IACf,OAAO,EACL,8BAAC,aAAM,IACL,OAAO,EAAE,cAAc,EACvB,KAAK,EAAC,SAAS,EACf,QAAQ,EAAE,cAAY,OAAA,YAAY,CAAC,CAAC,cAAc,CAAC,EAA7B,CAA6B,EACnD,KAAK,EAAC,UAAU,GAChB,EAEJ,KAAK,EAAE,CAAC,CAAC,YAAY,CAAC,GACtB,CACU,CACf,CAAA;AACH,CAAC,CAAA",
      "sourcesContent": [
        "import {FormControl, FormControlLabel, Switch, makeStyles} from \"@material-ui/core\"\nimport React, {ReactElement} from \"react\"\nimport {getIsViewExpanded, setIsViewExpanded} from \"@react-discovery/solr\"\nimport {useDispatch} from \"react-redux\"\nimport {useTranslation} from \"react-i18next\"\n\nconst useStyles = makeStyles((theme): any => ({\n  formControl: {\n    justifyContent: 'center',\n    margin: theme.spacing(1),\n    minWidth: 120,\n  },\n  root: {\n    display: 'flex',\n    flexWrap: 'wrap',\n  },\n  selectEmpty: {\n    marginTop: theme.spacing(2),\n  },\n}));\n\nexport const ViewSwitcherToggle: React.FC<any> = (): ReactElement => {\n  const {t} = useTranslation()\n  const classes: any = useStyles({});\n  const dispatch = useDispatch()\n  const isViewExpanded = getIsViewExpanded()\n\n  const handleChange = (isViewExpanded): void => {\n    dispatch(setIsViewExpanded({isViewExpanded}))\n  }\n\n  return (\n    <FormControl\n      className={classes.formControl}\n      component='div'\n    >\n      <FormControlLabel\n        control={\n          <Switch\n            checked={isViewExpanded}\n            color=\"primary\"\n            onChange={(): void => handleChange(!isViewExpanded)}\n            value=\"checkedB\"\n          />\n        }\n        label={t('expandView')}\n      />\n    </FormControl>\n  )\n}\n\n"
      ]
    },
    "_coverageSchema": "332fd63041d2c1bcb487cc26dd0d5f7d97098a6c",
    "hash": "0168cde9f95949ca9985a021ff7deb94ada1be66"
  }
}